This is pdfTeX, Version 3.141592653-2.6-1.40.24 (MiKTeX 22.3) (preloaded format=pdflatex 2022.5.19)  26 SEP 2022 23:01
entering extended mode
 restricted \write18 enabled.
 file:line:error style messages enabled.
 %&-line parsing enabled.
**c:/Users/Gabriel/Documents/Agregation/Montage/Montage_InterférencesLumineuses/Montage_Intererences_Lumineuses.tex
(c:/Users/Gabriel/Documents/Agregation/Montage/Montage_InterférencesLumineuses/Montage_Intererences_Lumineuses.tex
LaTeX2e <2021-11-15> patch level 1
L3 programming layer <2022-05-04> (C:\Users\Gabriel\AppData\Local\Programs\MiKTeX\tex/latex/base\article.cls
Document Class: article 2021/10/04 v1.4n Standard LaTeX document class
(C:\Users\Gabriel\AppData\Local\Programs\MiKTeX\tex/latex/base\size10.clo
File: size10.clo 2021/10/04 v1.4n Standard LaTeX file (size option)
)
\c@part=\count185
\c@section=\count186
\c@subsection=\count187
\c@subsubsection=\count188
\c@paragraph=\count189
\c@subparagraph=\count190
\c@figure=\count191
\c@table=\count192
\abovecaptionskip=\skip47
\belowcaptionskip=\skip48
\bibindent=\dimen138
) (C:\Users\Gabriel\AppData\Local\Programs\MiKTeX\tex/latex/varwidth\varwidth.sty
Package: varwidth 2009/03/30 ver 0.92;  Variable-width minipages
\@vwid@box=\box50
\sift@deathcycles=\count193
\@vwid@loff=\dimen139
\@vwid@roff=\dimen140
) (C:\Users\Gabriel\AppData\Local\Programs\MiKTeX\tex/latex/systeme\systeme.sty (C:\Users\Gabriel\AppData\Local\Programs\MiKTeX\tex/latex/xstring\xstring.sty (C:\Users\Gabriel\AppData\Local\Programs\MiKTeX\tex/generic/xstring\xstring.tex
\integerpart=\count194
\decimalpart=\count195
)
Package: xstring 2021/07/21 v1.84 String manipulations (CT)
) (C:\Users\Gabriel\AppData\Local\Programs\MiKTeX\tex/generic/systeme\systeme.tex
\SYS_systemecode=\toks16
\SYS_systempreamble=\toks17
\SYSeqnum=\count196
)
Package: systeme 2020/05/03 v0.34 Mise en forme de systemes d'equations (CT)
) (C:\Users\Gabriel\AppData\Local\Programs\MiKTeX\tex/latex/breqn\breqn.sty (C:\Users\Gabriel\AppData\Local\Programs\MiKTeX\tex/latex/l3kernel\expl3.sty
Package: expl3 2022-05-04 L3 programming layer (loader) 
 (C:\Users\Gabriel\AppData\Local\Programs\MiKTeX\tex/latex/l3backend\l3backend-pdftex.def
File: l3backend-pdftex.def 2022-04-20 L3 backend support: PDF output (pdfTeX)
\l__color_backend_stack_int=\count197
\l__pdf_internal_box=\box51
))
Package: breqn 2021/10/28 v0.98l Breaking equations
 (C:\Users\Gabriel\AppData\Local\Programs\MiKTeX\tex/latex/amsmath\amsmath.sty
Package: amsmath 2021/10/15 v2.17l AMS math features
\@mathmargin=\skip49

For additional information on amsmath, use the `?' option.
(C:\Users\Gabriel\AppData\Local\Programs\MiKTeX\tex/latex/amsmath\amstext.sty
Package: amstext 2021/08/26 v2.01 AMS text
 (C:\Users\Gabriel\AppData\Local\Programs\MiKTeX\tex/latex/amsmath\amsgen.sty
File: amsgen.sty 1999/11/30 v2.0 generic functions
\@emptytoks=\toks18
\ex@=\dimen141
)) (C:\Users\Gabriel\AppData\Local\Programs\MiKTeX\tex/latex/amsmath\amsbsy.sty
Package: amsbsy 1999/11/29 v1.2d Bold Symbols
\pmbraise@=\dimen142
) (C:\Users\Gabriel\AppData\Local\Programs\MiKTeX\tex/latex/amsmath\amsopn.sty
Package: amsopn 2021/08/26 v2.02 operator names
)
\inf@bad=\count198
LaTeX Info: Redefining \frac on input line 234.
\uproot@=\count199
\leftroot@=\count266
LaTeX Info: Redefining \overline on input line 399.
\classnum@=\count267
\DOTSCASE@=\count268
LaTeX Info: Redefining \ldots on input line 496.
LaTeX Info: Redefining \dots on input line 499.
LaTeX Info: Redefining \cdots on input line 620.
\Mathstrutbox@=\box52
\strutbox@=\box53
\big@size=\dimen143
LaTeX Font Info:    Redeclaring font encoding OML on input line 743.
LaTeX Font Info:    Redeclaring font encoding OMS on input line 744.
\macc@depth=\count269
\c@MaxMatrixCols=\count270
\dotsspace@=\muskip16
\c@parentequation=\count271
\dspbrk@lvl=\count272
\tag@help=\toks19
\row@=\count273
\column@=\count274
\maxfields@=\count275
\andhelp@=\toks20
\eqnshift@=\dimen144
\alignsep@=\dimen145
\tagshift@=\dimen146
\tagwidth@=\dimen147
\totwidth@=\dimen148
\lineht@=\dimen149
\@envbody=\toks21
\multlinegap=\skip50
\multlinetaggap=\skip51
\mathdisplay@stack=\toks22
LaTeX Info: Redefining \[ on input line 2938.
LaTeX Info: Redefining \] on input line 2939.
) (C:\Users\Gabriel\AppData\Local\Programs\MiKTeX\tex/latex/graphics\graphicx.sty
Package: graphicx 2021/09/16 v1.2d Enhanced LaTeX Graphics (DPC,SPQR)
 (C:\Users\Gabriel\AppData\Local\Programs\MiKTeX\tex/latex/graphics\keyval.sty
Package: keyval 2014/10/28 v1.15 key=value parser (DPC)
\KV@toks@=\toks23
) (C:\Users\Gabriel\AppData\Local\Programs\MiKTeX\tex/latex/graphics\graphics.sty
Package: graphics 2021/03/04 v1.4d Standard LaTeX Graphics (DPC,SPQR)
 (C:\Users\Gabriel\AppData\Local\Programs\MiKTeX\tex/latex/graphics\trig.sty
Package: trig 2021/08/11 v1.11 sin cos tan (DPC)
) (C:\Users\Gabriel\AppData\Local\Programs\MiKTeX\tex/latex/graphics-cfg\graphics.cfg
File: graphics.cfg 2016/06/04 v1.11 sample graphics configuration
)
Package graphics Info: Driver file: pdftex.def on input line 107.
 (C:\Users\Gabriel\AppData\Local\Programs\MiKTeX\tex/latex/graphics-def\pdftex.def
File: pdftex.def 2020/10/05 v1.2a Graphics/color driver for pdftex
))
\Gin@req@height=\dimen150
\Gin@req@width=\dimen151
) (C:\Users\Gabriel\AppData\Local\Programs\MiKTeX\tex/latex/breqn\flexisym.sty
Package: flexisym 2021/10/28 v0.98l Make math characters macros
LaTeX Info: Redefining \textprime on input line 299.
LaTeX Info: Redefining \not on input line 357.
 (C:\Users\Gabriel\AppData\Local\Programs\MiKTeX\tex/latex/breqn\cmbase.sym
File: cmbase.sym 2007/12/19 v0.92
LaTeX Info: Redefining \hbar on input line 324.
LaTeX Info: Redefining \surd on input line 326.
LaTeX Info: Redefining \angle on input line 334.
LaTeX Info: Redefining \neq on input line 335.
LaTeX Info: Redefining \mapsto on input line 336.
LaTeX Info: Redefining \cong on input line 337.
LaTeX Info: Redefining \notin on input line 340.
LaTeX Info: Redefining \rightleftharpoons on input line 341.
LaTeX Info: Redefining \doteq on input line 342.
LaTeX Info: Redefining \hookrightarrow on input line 343.
LaTeX Info: Redefining \hookleftarrow on input line 344.
LaTeX Info: Redefining \bowtie on input line 345.
LaTeX Info: Redefining \models on input line 346.
LaTeX Info: Redefining \Longrightarrow on input line 347.
LaTeX Info: Redefining \longrightarrow on input line 348.
LaTeX Info: Redefining \Longleftarrow on input line 349.
LaTeX Info: Redefining \longleftarrow on input line 350.
LaTeX Info: Redefining \longmapsto on input line 351.
LaTeX Info: Redefining \longleftrightarrow on input line 352.
LaTeX Info: Redefining \Longleftrightarrow on input line 353.
LaTeX Info: Redefining \cdots on input line 357.
LaTeX Info: Redefining \vdots on input line 360.
LaTeX Info: Redefining \ddots on input line 365.
) (C:\Users\Gabriel\AppData\Local\Programs\MiKTeX\tex/latex/breqn\mathstyle.sty
Package: mathstyle 2021/10/28 v0.98l Tracking mathstyle implicitly
LaTeX Info: Redefining \displaystyle on input line 95.
LaTeX Info: Redefining \textstyle on input line 97.
LaTeX Info: Redefining \scriptstyle on input line 99.
LaTeX Info: Redefining \scriptscriptstyle on input line 101.
LaTeX Info: Redefining \genfrac on input line 149.
)) (C:\Users\Gabriel\AppData\Local\Programs\MiKTeX\tex/latex/tools\calc.sty
Package: calc 2017/05/25 v4.3 Infix arithmetic (KKT,FJ)
\calc@Acount=\count276
\calc@Bcount=\count277
\calc@Adimen=\dimen152
\calc@Bdimen=\dimen153
\calc@Askip=\skip52
\calc@Bskip=\skip53
LaTeX Info: Redefining \setlength on input line 80.
LaTeX Info: Redefining \addtolength on input line 81.
\calc@Ccount=\count278
\calc@Cskip=\skip54
)
\inf@bad=\count279
\maxint=\count280
\listwidth=\dimen154
\eqnumsep=\dimen155
\eqmargin=\dimen156
\eqlinespacing=\skip55
\eqlineskip=\skip56
\eqlineskiplimit=\dimen157
\eqbinoffset=\muskip17
\eqdelimoffset=\muskip18
\eqindentstep=\dimen158
\eqstyle=\toks24
\eqbreakdepth=\count281
\eqinterlinepenalty=\count282
\intereqpenalty=\count283
\intereqskip=\skip57
\prerelpenalty=\count284
\prebinoppenalty=\count285
\Dmedmuskip=\muskip19
\Dthickmuskip=\muskip20
\eqleftskip=\skip58
\eqrightskip=\skip59
\eq@vspan=\skip60
\eq@binoffset=\muskip21
\EQ@box=\box54
\EQ@copy=\box55
\EQ@numbox=\box56
\eq@wdNum=\dimen159
\GRP@numbox=\box57
\grp@wdNum=\dimen160
\eq@lines=\count286
\eq@curline=\count287
\eq@badness=\count288
\EQ@vims=\count289
\eq@dp=\dimen161
\eq@wdL=\dimen162
\eq@wdT=\dimen163
\eq@wdMin=\dimen164
\grp@wdL=\dimen165
\grp@wdR=\dimen166
\grp@wdT=\dimen167
\eq@wdRmax=\dimen168
\eq@firstht=\dimen169
\eq@wdCond=\dimen170
\eq@indentstep=\dimen171
\eq@linewidth=\dimen172
\grp@linewidth=\dimen173
\eq@hshift=\dimen174
\eq@given@sidespace=\dimen175
\mathindent=\dimen176
\eq@final@linecount=\count290
\eq@wdR=\dimen177
\EQ@continue=\toks25
\lr@level=\count291
\GRP@queue=\toks26
\GRP@box=\box58
\GRP@wholebox=\box59
\darraycolsep=\skip61
\cur@row=\count292
\cur@col=\count293
\conditionsep=\skip62
) (pckg.tex (C:\Users\Gabriel\AppData\Local\Programs\MiKTeX\tex/latex/base\inputenc.sty
Package: inputenc 2021/02/14 v1.3d Input encoding file
\inpenc@prehook=\toks27
\inpenc@posthook=\toks28
) (C:\Users\Gabriel\AppData\Local\Programs\MiKTeX\tex/latex/base\fontenc.sty
Package: fontenc 2021/04/29 v2.0v Standard LaTeX package
) (C:\Users\Gabriel\AppData\Local\Programs\MiKTeX\tex/generic/babel\babel.sty
Package: babel 2022/04/30 3.74 The Babel package
\babel@savecnt=\count294
\U@D=\dimen178
\l@unhyphenated=\language79
 (C:\Users\Gabriel\AppData\Local\Programs\MiKTeX\tex/generic/babel\txtbabel.def)
\bbl@readstream=\read2
\bbl@dirlevel=\count295

*************************************
* Local config file bblopts.cfg used
*
(C:\Users\Gabriel\AppData\Local\Programs\MiKTeX\tex/latex/arabi\bblopts.cfg
File: bblopts.cfg 2005/09/08 v0.1 add Arabic and Farsi to "declared" options of babel
) (C:\Users\Gabriel\AppData\Local\Programs\MiKTeX\tex/generic/babel-french\french.ldf
Language: french 2022/04/18 v3.5n French support from the babel system
Package babel Info: Hyphen rules for 'acadian' set to \l@french
(babel)             (\language22). Reported on input line 91.
Package babel Info: Hyphen rules for 'canadien' set to \l@french
(babel)             (\language22). Reported on input line 92.
\FB@nonchar=\count296
Package babel Info: Making : an active character on input line 430.
Package babel Info: Making ; an active character on input line 431.
Package babel Info: Making ! an active character on input line 432.
Package babel Info: Making ? an active character on input line 433.
\FBguill@level=\count297
\FBold@everypar=\toks29
\FB@Mht=\dimen179
\mc@charclass=\count298
\mc@charfam=\count299
\mc@charslot=\count300
\std@mcc=\count301
\dec@mcc=\count302
\listindentFB=\dimen180
\descindentFB=\dimen181
\labelindentFB=\dimen182
\labelwidthFB=\dimen183
\leftmarginFB=\dimen184
\parindentFFN=\dimen185
\FBfnindent=\dimen186
)) (C:\Users\Gabriel\AppData\Local\Programs\MiKTeX\tex/latex/carlisle\scalefnt.sty) (C:\Users\Gabriel\AppData\Local\Programs\MiKTeX\tex/latex/mathtools\mathtools.sty
Package: mathtools 2022/06/29 v1.29 mathematical typesetting tools
 (C:\Users\Gabriel\AppData\Local\Programs\MiKTeX\tex/latex/mathtools\mhsetup.sty
Package: mhsetup 2021/03/18 v1.4 programming setup (MH)
)
\g_MT_multlinerow_int=\count303
\l_MT_multwidth_dim=\dimen187
\origjot=\skip63
\l_MT_shortvdotswithinadjustabove_dim=\dimen188
\l_MT_shortvdotswithinadjustbelow_dim=\dimen189
\l_MT_above_intertext_sep=\dimen190
\l_MT_below_intertext_sep=\dimen191
\l_MT_above_shortintertext_sep=\dimen192
\l_MT_below_shortintertext_sep=\dimen193
\xmathstrut@box=\box60
\xmathstrut@dim=\dimen194
) (C:\Users\Gabriel\AppData\Local\Programs\MiKTeX\tex/latex/amsfonts\amssymb.sty
Package: amssymb 2013/01/14 v3.01 AMS font symbols
 (C:\Users\Gabriel\AppData\Local\Programs\MiKTeX\tex/latex/amsfonts\amsfonts.sty
Package: amsfonts 2013/01/14 v3.01 Basic AMSFonts support
\symAMSa=\mathgroup4
\symAMSb=\mathgroup5
LaTeX Font Info:    Overwriting math alphabet `\mathfrak' in version `bold'
(Font)                  U/euf/m/n --> U/euf/b/n on input line 106.
)) (C:\Users\Gabriel\AppData\Local\Programs\MiKTeX\tex/latex/base\textcomp.sty
Package: textcomp 2020/02/02 v2.0n Standard LaTeX package
) (C:\Users\Gabriel\AppData\Local\Programs\MiKTeX\tex/latex/was\gensymb.sty
Package: gensymb 2003/07/02 v1.0 (WaS)
) (C:\Users\Gabriel\AppData\Local\Programs\MiKTeX\tex/latex/pgf/frontendlayer\tikz.sty (C:\Users\Gabriel\AppData\Local\Programs\MiKTeX\tex/latex/pgf/basiclayer\pgf.sty (C:\Users\Gabriel\AppData\Local\Programs\MiKTeX\tex/latex/pgf/utilities\pgfrcs.sty (C:\Users\Gabriel\AppData\Local\Programs\MiKTeX\tex/generic/pgf/utilities\pgfutil-common.tex
\pgfutil@everybye=\toks30
\pgfutil@tempdima=\dimen195
\pgfutil@tempdimb=\dimen196
 (C:\Users\Gabriel\AppData\Local\Programs\MiKTeX\tex/generic/pgf/utilities\pgfutil-common-lists.tex)) (C:\Users\Gabriel\AppData\Local\Programs\MiKTeX\tex/generic/pgf/utilities\pgfutil-latex.def
\pgfutil@abb=\box61
) (C:\Users\Gabriel\AppData\Local\Programs\MiKTeX\tex/generic/pgf/utilities\pgfrcs.code.tex (C:\Users\Gabriel\AppData\Local\Programs\MiKTeX\tex/generic/pgf\pgf.revision.tex)
Package: pgfrcs 2021/05/15 v3.1.9a (3.1.9a)
))
Package: pgf 2021/05/15 v3.1.9a (3.1.9a)
 (C:\Users\Gabriel\AppData\Local\Programs\MiKTeX\tex/latex/pgf/basiclayer\pgfcore.sty (C:\Users\Gabriel\AppData\Local\Programs\MiKTeX\tex/latex/pgf/systemlayer\pgfsys.sty (C:\Users\Gabriel\AppData\Local\Programs\MiKTeX\tex/generic/pgf/systemlayer\pgfsys.code.tex
Package: pgfsys 2021/05/15 v3.1.9a (3.1.9a)
 (C:\Users\Gabriel\AppData\Local\Programs\MiKTeX\tex/generic/pgf/utilities\pgfkeys.code.tex
\pgfkeys@pathtoks=\toks31
\pgfkeys@temptoks=\toks32
 (C:\Users\Gabriel\AppData\Local\Programs\MiKTeX\tex/generic/pgf/utilities\pgfkeysfiltered.code.tex
\pgfkeys@tmptoks=\toks33
))
\pgf@x=\dimen197
\pgf@y=\dimen198
\pgf@xa=\dimen199
\pgf@ya=\dimen256
\pgf@xb=\dimen257
\pgf@yb=\dimen258
\pgf@xc=\dimen259
\pgf@yc=\dimen260
\pgf@xd=\dimen261
\pgf@yd=\dimen262
\w@pgf@writea=\write3
\r@pgf@reada=\read3
\c@pgf@counta=\count304
\c@pgf@countb=\count305
\c@pgf@countc=\count306
\c@pgf@countd=\count307
\t@pgf@toka=\toks34
\t@pgf@tokb=\toks35
\t@pgf@tokc=\toks36
\pgf@sys@id@count=\count308
 (C:\Users\Gabriel\AppData\Local\Programs\MiKTeX\tex/generic/pgf/systemlayer\pgf.cfg
File: pgf.cfg 2021/05/15 v3.1.9a (3.1.9a)
)
Driver file for pgf: pgfsys-pdftex.def
 (C:\Users\Gabriel\AppData\Local\Programs\MiKTeX\tex/generic/pgf/systemlayer\pgfsys-pdftex.def
File: pgfsys-pdftex.def 2021/05/15 v3.1.9a (3.1.9a)
 (C:\Users\Gabriel\AppData\Local\Programs\MiKTeX\tex/generic/pgf/systemlayer\pgfsys-common-pdf.def
File: pgfsys-common-pdf.def 2021/05/15 v3.1.9a (3.1.9a)
))) (C:\Users\Gabriel\AppData\Local\Programs\MiKTeX\tex/generic/pgf/systemlayer\pgfsyssoftpath.code.tex
File: pgfsyssoftpath.code.tex 2021/05/15 v3.1.9a (3.1.9a)
\pgfsyssoftpath@smallbuffer@items=\count309
\pgfsyssoftpath@bigbuffer@items=\count310
) (C:\Users\Gabriel\AppData\Local\Programs\MiKTeX\tex/generic/pgf/systemlayer\pgfsysprotocol.code.tex
File: pgfsysprotocol.code.tex 2021/05/15 v3.1.9a (3.1.9a)
)) (C:\Users\Gabriel\AppData\Local\Programs\MiKTeX\tex/latex/xcolor\xcolor.sty
Package: xcolor 2021/10/31 v2.13 LaTeX color extensions (UK)
 (C:\Users\Gabriel\AppData\Local\Programs\MiKTeX\tex/latex/graphics-cfg\color.cfg
File: color.cfg 2016/01/02 v1.6 sample color configuration
)
Package xcolor Info: Driver file: pdftex.def on input line 227.
Package xcolor Info: Model `cmy' substituted by `cmy0' on input line 1352.
Package xcolor Info: Model `hsb' substituted by `rgb' on input line 1356.
Package xcolor Info: Model `RGB' extended on input line 1368.
Package xcolor Info: Model `HTML' substituted by `rgb' on input line 1370.
Package xcolor Info: Model `Hsb' substituted by `hsb' on input line 1371.
Package xcolor Info: Model `tHsb' substituted by `hsb' on input line 1372.
Package xcolor Info: Model `HSB' substituted by `hsb' on input line 1373.
Package xcolor Info: Model `Gray' substituted by `gray' on input line 1374.
Package xcolor Info: Model `wave' substituted by `hsb' on input line 1375.
) (C:\Users\Gabriel\AppData\Local\Programs\MiKTeX\tex/generic/pgf/basiclayer\pgfcore.code.tex
Package: pgfcore 2021/05/15 v3.1.9a (3.1.9a)
 (C:\Users\Gabriel\AppData\Local\Programs\MiKTeX\tex/generic/pgf/math\pgfmath.code.tex (C:\Users\Gabriel\AppData\Local\Programs\MiKTeX\tex/generic/pgf/math\pgfmathcalc.code.tex (C:\Users\Gabriel\AppData\Local\Programs\MiKTeX\tex/generic/pgf/math\pgfmathutil.code.tex) (C:\Users\Gabriel\AppData\Local\Programs\MiKTeX\tex/generic/pgf/math\pgfmathparser.code.tex
\pgfmath@dimen=\dimen263
\pgfmath@count=\count311
\pgfmath@box=\box62
\pgfmath@toks=\toks37
\pgfmath@stack@operand=\toks38
\pgfmath@stack@operation=\toks39
) (C:\Users\Gabriel\AppData\Local\Programs\MiKTeX\tex/generic/pgf/math\pgfmathfunctions.code.tex (C:\Users\Gabriel\AppData\Local\Programs\MiKTeX\tex/generic/pgf/math\pgfmathfunctions.basic.code.tex) (C:\Users\Gabriel\AppData\Local\Programs\MiKTeX\tex/generic/pgf/math\pgfmathfunctions.trigonometric.code.tex) (C:\Users\Gabriel\AppData\Local\Programs\MiKTeX\tex/generic/pgf/math\pgfmathfunctions.random.code.tex) (C:\Users\Gabriel\AppData\Local\Programs\MiKTeX\tex/generic/pgf/math\pgfmathfunctions.comparison.code.tex) (C:\Users\Gabriel\AppData\Local\Programs\MiKTeX\tex/generic/pgf/math\pgfmathfunctions.base.code.tex) (C:\Users\Gabriel\AppData\Local\Programs\MiKTeX\tex/generic/pgf/math\pgfmathfunctions.round.code.tex) (C:\Users\Gabriel\AppData\Local\Programs\MiKTeX\tex/generic/pgf/math\pgfmathfunctions.misc.code.tex) (C:\Users\Gabriel\AppData\Local\Programs\MiKTeX\tex/generic/pgf/math\pgfmathfunctions.integerarithmetics.code.tex))) (C:\Users\Gabriel\AppData\Local\Programs\MiKTeX\tex/generic/pgf/math\pgfmathfloat.code.tex
\c@pgfmathroundto@lastzeros=\count312
)) (C:\Users\Gabriel\AppData\Local\Programs\MiKTeX\tex/generic/pgf/math\pgfint.code.tex) (C:\Users\Gabriel\AppData\Local\Programs\MiKTeX\tex/generic/pgf/basiclayer\pgfcorepoints.code.tex
File: pgfcorepoints.code.tex 2021/05/15 v3.1.9a (3.1.9a)
\pgf@picminx=\dimen264
\pgf@picmaxx=\dimen265
\pgf@picminy=\dimen266
\pgf@picmaxy=\dimen267
\pgf@pathminx=\dimen268
\pgf@pathmaxx=\dimen269
\pgf@pathminy=\dimen270
\pgf@pathmaxy=\dimen271
\pgf@xx=\dimen272
\pgf@xy=\dimen273
\pgf@yx=\dimen274
\pgf@yy=\dimen275
\pgf@zx=\dimen276
\pgf@zy=\dimen277
) (C:\Users\Gabriel\AppData\Local\Programs\MiKTeX\tex/generic/pgf/basiclayer\pgfcorepathconstruct.code.tex
File: pgfcorepathconstruct.code.tex 2021/05/15 v3.1.9a (3.1.9a)
\pgf@path@lastx=\dimen278
\pgf@path@lasty=\dimen279
) (C:\Users\Gabriel\AppData\Local\Programs\MiKTeX\tex/generic/pgf/basiclayer\pgfcorepathusage.code.tex
File: pgfcorepathusage.code.tex 2021/05/15 v3.1.9a (3.1.9a)
\pgf@shorten@end@additional=\dimen280
\pgf@shorten@start@additional=\dimen281
) (C:\Users\Gabriel\AppData\Local\Programs\MiKTeX\tex/generic/pgf/basiclayer\pgfcorescopes.code.tex
File: pgfcorescopes.code.tex 2021/05/15 v3.1.9a (3.1.9a)
\pgfpic=\box63
\pgf@hbox=\box64
\pgf@layerbox@main=\box65
\pgf@picture@serial@count=\count313
) (C:\Users\Gabriel\AppData\Local\Programs\MiKTeX\tex/generic/pgf/basiclayer\pgfcoregraphicstate.code.tex
File: pgfcoregraphicstate.code.tex 2021/05/15 v3.1.9a (3.1.9a)
\pgflinewidth=\dimen282
) (C:\Users\Gabriel\AppData\Local\Programs\MiKTeX\tex/generic/pgf/basiclayer\pgfcoretransformations.code.tex
File: pgfcoretransformations.code.tex 2021/05/15 v3.1.9a (3.1.9a)
\pgf@pt@x=\dimen283
\pgf@pt@y=\dimen284
\pgf@pt@temp=\dimen285
) (C:\Users\Gabriel\AppData\Local\Programs\MiKTeX\tex/generic/pgf/basiclayer\pgfcorequick.code.tex
File: pgfcorequick.code.tex 2021/05/15 v3.1.9a (3.1.9a)
) (C:\Users\Gabriel\AppData\Local\Programs\MiKTeX\tex/generic/pgf/basiclayer\pgfcoreobjects.code.tex
File: pgfcoreobjects.code.tex 2021/05/15 v3.1.9a (3.1.9a)
) (C:\Users\Gabriel\AppData\Local\Programs\MiKTeX\tex/generic/pgf/basiclayer\pgfcorepathprocessing.code.tex
File: pgfcorepathprocessing.code.tex 2021/05/15 v3.1.9a (3.1.9a)
) (C:\Users\Gabriel\AppData\Local\Programs\MiKTeX\tex/generic/pgf/basiclayer\pgfcorearrows.code.tex
File: pgfcorearrows.code.tex 2021/05/15 v3.1.9a (3.1.9a)
\pgfarrowsep=\dimen286
) (C:\Users\Gabriel\AppData\Local\Programs\MiKTeX\tex/generic/pgf/basiclayer\pgfcoreshade.code.tex
File: pgfcoreshade.code.tex 2021/05/15 v3.1.9a (3.1.9a)
\pgf@max=\dimen287
\pgf@sys@shading@range@num=\count314
\pgf@shadingcount=\count315
) (C:\Users\Gabriel\AppData\Local\Programs\MiKTeX\tex/generic/pgf/basiclayer\pgfcoreimage.code.tex
File: pgfcoreimage.code.tex 2021/05/15 v3.1.9a (3.1.9a)
 (C:\Users\Gabriel\AppData\Local\Programs\MiKTeX\tex/generic/pgf/basiclayer\pgfcoreexternal.code.tex
File: pgfcoreexternal.code.tex 2021/05/15 v3.1.9a (3.1.9a)
\pgfexternal@startupbox=\box66
)) (C:\Users\Gabriel\AppData\Local\Programs\MiKTeX\tex/generic/pgf/basiclayer\pgfcorelayers.code.tex
File: pgfcorelayers.code.tex 2021/05/15 v3.1.9a (3.1.9a)
) (C:\Users\Gabriel\AppData\Local\Programs\MiKTeX\tex/generic/pgf/basiclayer\pgfcoretransparency.code.tex
File: pgfcoretransparency.code.tex 2021/05/15 v3.1.9a (3.1.9a)
) (C:\Users\Gabriel\AppData\Local\Programs\MiKTeX\tex/generic/pgf/basiclayer\pgfcorepatterns.code.tex
File: pgfcorepatterns.code.tex 2021/05/15 v3.1.9a (3.1.9a)
) (C:\Users\Gabriel\AppData\Local\Programs\MiKTeX\tex/generic/pgf/basiclayer\pgfcorerdf.code.tex
File: pgfcorerdf.code.tex 2021/05/15 v3.1.9a (3.1.9a)
))) (C:\Users\Gabriel\AppData\Local\Programs\MiKTeX\tex/generic/pgf/modules\pgfmoduleshapes.code.tex
File: pgfmoduleshapes.code.tex 2021/05/15 v3.1.9a (3.1.9a)
\pgfnodeparttextbox=\box67
) (C:\Users\Gabriel\AppData\Local\Programs\MiKTeX\tex/generic/pgf/modules\pgfmoduleplot.code.tex
File: pgfmoduleplot.code.tex 2021/05/15 v3.1.9a (3.1.9a)
) (C:\Users\Gabriel\AppData\Local\Programs\MiKTeX\tex/latex/pgf/compatibility\pgfcomp-version-0-65.sty
Package: pgfcomp-version-0-65 2021/05/15 v3.1.9a (3.1.9a)
\pgf@nodesepstart=\dimen288
\pgf@nodesepend=\dimen289
) (C:\Users\Gabriel\AppData\Local\Programs\MiKTeX\tex/latex/pgf/compatibility\pgfcomp-version-1-18.sty
Package: pgfcomp-version-1-18 2021/05/15 v3.1.9a (3.1.9a)
)) (C:\Users\Gabriel\AppData\Local\Programs\MiKTeX\tex/latex/pgf/utilities\pgffor.sty (C:\Users\Gabriel\AppData\Local\Programs\MiKTeX\tex/latex/pgf/utilities\pgfkeys.sty (C:\Users\Gabriel\AppData\Local\Programs\MiKTeX\tex/generic/pgf/utilities\pgfkeys.code.tex)) (C:\Users\Gabriel\AppData\Local\Programs\MiKTeX\tex/latex/pgf/math\pgfmath.sty (C:\Users\Gabriel\AppData\Local\Programs\MiKTeX\tex/generic/pgf/math\pgfmath.code.tex)) (C:\Users\Gabriel\AppData\Local\Programs\MiKTeX\tex/generic/pgf/utilities\pgffor.code.tex
Package: pgffor 2021/05/15 v3.1.9a (3.1.9a)
 (C:\Users\Gabriel\AppData\Local\Programs\MiKTeX\tex/generic/pgf/math\pgfmath.code.tex)
\pgffor@iter=\dimen290
\pgffor@skip=\dimen291
\pgffor@stack=\toks40
\pgffor@toks=\toks41
)) (C:\Users\Gabriel\AppData\Local\Programs\MiKTeX\tex/generic/pgf/frontendlayer/tikz\tikz.code.tex
Package: tikz 2021/05/15 v3.1.9a (3.1.9a)
 (C:\Users\Gabriel\AppData\Local\Programs\MiKTeX\tex/generic/pgf/libraries\pgflibraryplothandlers.code.tex
File: pgflibraryplothandlers.code.tex 2021/05/15 v3.1.9a (3.1.9a)
\pgf@plot@mark@count=\count316
\pgfplotmarksize=\dimen292
)
\tikz@lastx=\dimen293
\tikz@lasty=\dimen294
\tikz@lastxsaved=\dimen295
\tikz@lastysaved=\dimen296
\tikz@lastmovetox=\dimen297
\tikz@lastmovetoy=\dimen298
\tikzleveldistance=\dimen299
\tikzsiblingdistance=\dimen300
\tikz@figbox=\box68
\tikz@figbox@bg=\box69
\tikz@tempbox=\box70
\tikz@tempbox@bg=\box71
\tikztreelevel=\count317
\tikznumberofchildren=\count318
\tikznumberofcurrentchild=\count319
\tikz@fig@count=\count320
 (C:\Users\Gabriel\AppData\Local\Programs\MiKTeX\tex/generic/pgf/modules\pgfmodulematrix.code.tex
File: pgfmodulematrix.code.tex 2021/05/15 v3.1.9a (3.1.9a)
\pgfmatrixcurrentrow=\count321
\pgfmatrixcurrentcolumn=\count322
\pgf@matrix@numberofcolumns=\count323
)
\tikz@expandcount=\count324
 (C:\Users\Gabriel\AppData\Local\Programs\MiKTeX\tex/generic/pgf/frontendlayer/tikz/libraries\tikzlibrarytopaths.code.tex
File: tikzlibrarytopaths.code.tex 2021/05/15 v3.1.9a (3.1.9a)
))) (C:\Users\Gabriel\AppData\Local\Programs\MiKTeX\tex/latex/wrapfig\wrapfig.sty
\wrapoverhang=\dimen301
\WF@size=\dimen302
\c@WF@wrappedlines=\count325
\WF@box=\box72
\WF@everypar=\toks42
Package: wrapfig 2003/01/31  v 3.6
) (C:\Users\Gabriel\AppData\Local\Programs\MiKTeX\tex/latex/pgfplots\pgfplots.sty (C:\Users\Gabriel\AppData\Local\Programs\MiKTeX\tex/generic/pgfplots\pgfplots.revision.tex)
Package: pgfplots 2021/05/15 v1.18.1 Data Visualization (1.18.1)
 (C:\Users\Gabriel\AppData\Local\Programs\MiKTeX\tex/generic/pgfplots\pgfplots.code.tex (C:\Users\Gabriel\AppData\Local\Programs\MiKTeX\tex/generic/pgfplots\pgfplotscore.code.tex
\t@pgfplots@toka=\toks43
\t@pgfplots@tokb=\toks44
\t@pgfplots@tokc=\toks45
\pgfplots@tmpa=\dimen303
\c@pgfplots@coordindex=\count326
\c@pgfplots@scanlineindex=\count327
 (C:\Users\Gabriel\AppData\Local\Programs\MiKTeX\tex/generic/pgfplots/sys\pgfplotssysgeneric.code.tex)) (C:\Users\Gabriel\AppData\Local\Programs\MiKTeX\tex/generic/pgfplots/libs\pgfplotslibrary.code.tex) (C:\Users\Gabriel\AppData\Local\Programs\MiKTeX\tex/generic/pgfplots/oldpgfcompatib\pgfplotsoldpgfsupp_loader.code.tex (C:\Users\Gabriel\AppData\Local\Programs\MiKTeX\tex/generic/pgf/libraries\pgflibraryfpu.code.tex)) (C:\Users\Gabriel\AppData\Local\Programs\MiKTeX\tex/generic/pgfplots/util\pgfplotsutil.code.tex (C:\Users\Gabriel\AppData\Local\Programs\MiKTeX\tex/generic/pgfplots/liststructure\pgfplotsliststructure.code.tex) (C:\Users\Gabriel\AppData\Local\Programs\MiKTeX\tex/generic/pgfplots/liststructure\pgfplotsliststructureext.code.tex) (C:\Users\Gabriel\AppData\Local\Programs\MiKTeX\tex/generic/pgfplots/liststructure\pgfplotsarray.code.tex
\c@pgfplotsarray@tmp=\count328
) (C:\Users\Gabriel\AppData\Local\Programs\MiKTeX\tex/generic/pgfplots/liststructure\pgfplotsmatrix.code.tex) (C:\Users\Gabriel\AppData\Local\Programs\MiKTeX\tex/generic/pgfplots/numtable\pgfplotstableshared.code.tex
\c@pgfplotstable@counta=\count329
\t@pgfplotstable@a=\toks46
) (C:\Users\Gabriel\AppData\Local\Programs\MiKTeX\tex/generic/pgfplots/liststructure\pgfplotsdeque.code.tex) (C:\Users\Gabriel\AppData\Local\Programs\MiKTeX\tex/generic/pgfplots/util\pgfplotsbinary.code.tex (C:\Users\Gabriel\AppData\Local\Programs\MiKTeX\tex/generic/pgfplots/util\pgfplotsbinary.data.code.tex)) (C:\Users\Gabriel\AppData\Local\Programs\MiKTeX\tex/generic/pgfplots/util\pgfplotsutil.verb.code.tex) (C:\Users\Gabriel\AppData\Local\Programs\MiKTeX\tex/generic/pgfplots/libs\pgflibrarypgfplots.surfshading.code.tex
\c@pgfplotslibrarysurf@no=\count330
 (C:\Users\Gabriel\AppData\Local\Programs\MiKTeX\tex/generic/pgfplots/sys\pgflibrarypgfplots.surfshading.pgfsys-pdftex.def))) (C:\Users\Gabriel\AppData\Local\Programs\MiKTeX\tex/generic/pgfplots/util\pgfplotscolormap.code.tex (C:\Users\Gabriel\AppData\Local\Programs\MiKTeX\tex/generic/pgfplots/util\pgfplotscolor.code.tex)) (C:\Users\Gabriel\AppData\Local\Programs\MiKTeX\tex/generic/pgfplots\pgfplotsstackedplots.code.tex) (C:\Users\Gabriel\AppData\Local\Programs\MiKTeX\tex/generic/pgfplots\pgfplotsplothandlers.code.tex (C:\Users\Gabriel\AppData\Local\Programs\MiKTeX\tex/generic/pgfplots\pgfplotsmeshplothandler.code.tex
(C:\Users\Gabriel\AppData\Local\Programs\MiKTeX\tex/generic/pgfplots\pgfplotsmeshplotimage.code.tex))) (C:\Users\Gabriel\AppData\Local\Programs\MiKTeX\tex/generic/pgfplots\pgfplots.scaling.code.tex) (C:\Users\Gabriel\AppData\Local\Programs\MiKTeX\tex/generic/pgfplots\pgfplotscoordprocessing.code.tex) (C:\Users\Gabriel\AppData\Local\Programs\MiKTeX\tex/generic/pgfplots\pgfplots.errorbars.code.tex) (C:\Users\Gabriel\AppData\Local\Programs\MiKTeX\tex/generic/pgfplots\pgfplots.markers.code.tex) (C:\Users\Gabriel\AppData\Local\Programs\MiKTeX\tex/generic/pgfplots\pgfplotsticks.code.tex) (C:\Users\Gabriel\AppData\Local\Programs\MiKTeX\tex/generic/pgfplots\pgfplots.paths.code.tex) (C:\Users\Gabriel\AppData\Local\Programs\MiKTeX\tex/generic/pgf/frontendlayer/tikz/libraries\tikzlibrarydecorations.code.tex (C:\Users\Gabriel\AppData\Local\Programs\MiKTeX\tex/generic/pgf/modules\pgfmoduledecorations.code.tex
\pgfdecoratedcompleteddistance=\dimen304
\pgfdecoratedremainingdistance=\dimen305
\pgfdecoratedinputsegmentcompleteddistance=\dimen306
\pgfdecoratedinputsegmentremainingdistance=\dimen307
\pgf@decorate@distancetomove=\dimen308
\pgf@decorate@repeatstate=\count331
\pgfdecorationsegmentamplitude=\dimen309
\pgfdecorationsegmentlength=\dimen310
)
\tikz@lib@dec@box=\box73
) (C:\Users\Gabriel\AppData\Local\Programs\MiKTeX\tex/generic/pgf/frontendlayer/tikz/libraries\tikzlibrarydecorations.pathmorphing.code.tex (C:\Users\Gabriel\AppData\Local\Programs\MiKTeX\tex/generic/pgf/libraries/decorations\pgflibrarydecorations.pathmorphing.code.tex)) (C:\Users\Gabriel\AppData\Local\Programs\MiKTeX\tex/generic/pgf/frontendlayer/tikz/libraries\tikzlibrarydecorations.pathreplacing.code.tex (C:\Users\Gabriel\AppData\Local\Programs\MiKTeX\tex/generic/pgf/libraries/decorations\pgflibrarydecorations.pathreplacing.code.tex)) (C:\Users\Gabriel\AppData\Local\Programs\MiKTeX\tex/generic/pgfplots/libs\tikzlibrarypgfplots.contourlua.code.tex)
\pgfplots@numplots=\count332
\pgfplots@xmin@reg=\dimen311
\pgfplots@xmax@reg=\dimen312
\pgfplots@ymin@reg=\dimen313
\pgfplots@ymax@reg=\dimen314
\pgfplots@zmin@reg=\dimen315
\pgfplots@zmax@reg=\dimen316
) (C:\Users\Gabriel\AppData\Local\Programs\MiKTeX\tex/generic/pgf/frontendlayer/tikz/libraries\tikzlibraryplotmarks.code.tex
File: tikzlibraryplotmarks.code.tex 2021/05/15 v3.1.9a (3.1.9a)
 (C:\Users\Gabriel\AppData\Local\Programs\MiKTeX\tex/generic/pgf/libraries\pgflibraryplotmarks.code.tex
File: pgflibraryplotmarks.code.tex 2021/05/15 v3.1.9a (3.1.9a)
))) (C:\Users\Gabriel\AppData\Local\Programs\MiKTeX\tex/latex/graphics\epsfig.sty
Package: epsfig 2017/06/25 v1.7b (e)psfig emulation (SPQR)
\epsfxsize=\dimen317
\epsfysize=\dimen318
) (C:\Users\Gabriel\AppData\Local\Programs\MiKTeX\tex/latex/pdfpages\pdfpages.sty
Package: pdfpages 2022/05/22 v0.5v Insert pages of external PDF documents (AM)
 (C:\Users\Gabriel\AppData\Local\Programs\MiKTeX\tex/latex/base\ifthen.sty
Package: ifthen 2020/11/24 v1.1c Standard LaTeX ifthen package (DPC)
) (C:\Users\Gabriel\AppData\Local\Programs\MiKTeX\tex/latex/eso-pic\eso-pic.sty
Package: eso-pic 2020/10/14 v3.0a eso-pic (RN)
\ESO@tempdima=\dimen319
\ESO@tempdimb=\dimen320
)
\AM@pagewidth=\dimen321
\AM@pageheight=\dimen322
\AM@fboxrule=\dimen323
 (C:\Users\Gabriel\AppData\Local\Programs\MiKTeX\tex/latex/pdfpages\pppdftex.def
File: pppdftex.def 2022/05/22 v0.5v Pdfpages driver for pdfTeX (AM)
)
\pdfpages@includegraphics@status=\count333
\AM@pagebox=\box74
\AM@global@opts=\toks47
\AM@pagecnt=\count334
\AM@toc@title=\toks48
\c@AM@survey=\count335
\AM@templatesizebox=\box75
) (C:\Users\Gabriel\AppData\Local\Programs\MiKTeX\tex/latex/subfig\subfig.sty
Package: subfig 2005/06/28 ver: 1.3 subfig package
 (C:\Users\Gabriel\AppData\Local\Programs\MiKTeX\tex/latex/caption\caption.sty
Package: caption 2022/03/01 v3.6b Customizing captions (AR)
 (C:\Users\Gabriel\AppData\Local\Programs\MiKTeX\tex/latex/caption\caption3.sty
Package: caption3 2022/03/17 v2.3b caption3 kernel (AR)
\caption@tempdima=\dimen324
\captionmargin=\dimen325
\caption@leftmargin=\dimen326
\caption@rightmargin=\dimen327
\caption@width=\dimen328
\caption@indent=\dimen329
\caption@parindent=\dimen330
\caption@hangindent=\dimen331
Package caption Info: Standard document class detected.
Package caption Info: french babel package is loaded.
)
\c@caption@flags=\count336
\c@continuedfloat=\count337
Package caption Info: wrapfig package is loaded.
)
\c@KVtest=\count338
\sf@farskip=\skip64
\sf@captopadj=\dimen332
\sf@capskip=\skip65
\sf@nearskip=\skip66
\c@subfigure=\count339
\c@subfigure@save=\count340
\c@lofdepth=\count341
\c@subtable=\count342
\c@subtable@save=\count343
\c@lotdepth=\count344
\sf@top=\skip67
\sf@bottom=\skip68
) (C:\Users\Gabriel\AppData\Local\Programs\MiKTeX\tex/latex/pstricks\pst-all.sty
Package: pst-all 2008/01/01 the main pstricks tools
 (C:\Users\Gabriel\AppData\Local\Programs\MiKTeX\tex/latex/pstricks\pstricks.sty
Package: pstricks 2021/08/23 v0.71 LaTeX wrapper for `PSTricks' (RN,HV)
 (C:\Users\Gabriel\AppData\Local\Programs\MiKTeX\tex/generic/iftex\iftex.sty
Package: iftex 2022/02/03 v1.0f TeX engine tests
) (C:\Users\Gabriel\AppData\Local\Programs\MiKTeX\tex/generic/xkeyval\pst-xkey.tex
File: pst-xkey.tex 2005/11/25 v1.6 PSTricks specialization of xkeyval (HA)
 (C:\Users\Gabriel\AppData\Local\Programs\MiKTeX\tex/latex/xkeyval\xkeyval.sty
Package: xkeyval 2020/11/20 v2.8 package option processing (HA)
 (C:\Users\Gabriel\AppData\Local\Programs\MiKTeX\tex/generic/xkeyval\xkeyval.tex (C:\Users\Gabriel\AppData\Local\Programs\MiKTeX\tex/generic/xkeyval\xkvutils.tex
\XKV@toks=\toks49
\XKV@tempa@toks=\toks50
)
\XKV@depth=\count345
File: xkeyval.tex 2014/12/03 v2.7a key=value parser (HA)
))) (C:\Users\Gabriel\AppData\Local\Programs\MiKTeX\tex/generic/pstricks\pstricks.tex (C:\Users\Gabriel\AppData\Local\Programs\MiKTeX\tex/generic/pstricks\pst-fp.tex `pst-fp' v0.06, 2020/11/20 (hv)
\pstFP@xs=\count346
\pstFP@xia=\count347
\pstFP@xib=\count348
\pstFP@xfa=\count349
\pstFP@xfb=\count350
\pstFP@rega=\count351
\pstFP@regb=\count352
\pstFP@regs=\count353
\pstFP@times=\count354
)
\psLoopIndex=\count355

`PSTricks' v3.14  <2022/08/30> (tvz,hv)
\pst@dima=\dimen333
\pst@dimb=\dimen334
\pst@dimc=\dimen335
\pst@dimd=\dimen336
\pst@dimg=\dimen337
\pst@dimh=\dimen338
\pst@dimm=\dimen339
\pst@dimn=\dimen340
\pst@dimo=\dimen341
\pst@dimp=\dimen342
\pst@hbox=\box76
\pst@ibox=\box77
\pst@boxg=\box78
\pst@cnta=\count356
\pst@cntb=\count357
\pst@cntc=\count358
\pst@cntd=\count359
\pst@cntg=\count360
\pst@cnth=\count361
\pst@cntm=\count362
\pst@cntn=\count363
\pst@cnto=\count364
\pst@cntp=\count365
\@zero=\count366
\pst@toks=\toks51
--- We are running latex or xelatex ---
(C:\Users\Gabriel\AppData\Local\Programs\MiKTeX\tex/generic/pstricks\pstricks.con) (C:\Users\Gabriel\AppData\Local\Programs\MiKTeX\tex/generic/pstricks\pstricks-color.tex)
\psunit=\dimen343
\psxunit=\dimen344
\psyunit=\dimen345
\pst@C@@rType=\count367
\pslinewidth=\dimen346
\psk@startLW=\dimen347
\psk@endLW=\dimen348
 (C:\Users\Gabriel\AppData\Local\Programs\MiKTeX\tex/generic/pstricks\pstricks-arrows.tex
\pshooklength=\dimen349
\pshookwidth=\dimen350
)
\pst@customdefs=\toks52
 (C:\Users\Gabriel\AppData\Local\Programs\MiKTeX\tex/generic/pstricks\pstricks-dots.tex)
\pslinearc=\dimen351
\pst@symbolStep=\dimen352
\pst@symbolWidth=\dimen353
\pst@symbolLinewidth=\dimen354
\everypsbox=\toks53
\psframesep=\dimen355
\pslabelsep=\dimen356
\sh@wgridXunit=\dimen357
\sh@wgridYunit=\dimen358
\pst@shift=\dimen359
\ps@imagectr=\count368
 (C:\Users\Gabriel\AppData\Local\Programs\MiKTeX\tex/generic/pstricks\pstricks.con))
File: pstricks.tex 2022/08/30 v3.14 `PSTricks' (tvz,hv)
 (C:\Users\Gabriel\AppData\Local\Programs\MiKTeX\tex/generic/pstricks\pst-fp.tex `pst-fp' v0.06, 2020/11/20 (hv))
File: pst-fp.tex 2020/11/20 v0.06 `PST-fp' (hv)
) (C:\Users\Gabriel\AppData\Local\Programs\MiKTeX\tex/latex/pst-plot\pst-plot.sty
Package: pst-plot 2011/06/05 v1.00 LaTeX wrapper for `pst-plot' (HV)
 (C:\Users\Gabriel\AppData\Local\Programs\MiKTeX\tex/latex/xkeyval\pst-xkey.sty
Package: pst-xkey 2005/11/25 v1.6 package wrapper for pst-xkey.tex (HA)
) (C:\Users\Gabriel\AppData\Local\Programs\MiKTeX\tex/latex/multido\multido.sty
Package: multido 2004/05/17 package wrapper for PSTricks `multido.tex', (HV/RN)
 (C:\Users\Gabriel\AppData\Local\Programs\MiKTeX\tex/generic/multido\multido.tex  v1.42, 2010/05/14 <tvz>
\multido@count=\count369
\multidocount=\count370
\multido@stuff=\toks54
)
File: multido.tex 2010/05/14 v1.42 `multido' (tvz,hv)
)
Package: pst-plot 2021/09/23 package wrapper for pst-plot.tex (hv)
 (C:\Users\Gabriel\AppData\Local\Programs\MiKTeX\tex/generic/pst-plot\pst-plot.tex (C:\Users\Gabriel\AppData\Local\Programs\MiKTeX\tex/generic/pst-tools\pst-tools.tex `PST-tools' v0.12, 2021/09/23 (hv)
\randomi=\count371
\ranval=\count372
) (C:\Users\Gabriel\AppData\Local\Programs\MiKTeX\tex/generic/pstricks-add\pstricks-add.tex (C:\Users\Gabriel\AppData\Local\Programs\MiKTeX\tex/generic/pst-node\pst-node.tex  v1.43, 2022/01/31
\psrow=\count373
\pscol=\count374
\psmatrixcnt=\count375
\psrowsep=\skip69
\pscolsep=\skip70
\pst@args=\count376
\num@pts=\count377
\pst@argcnt=\count378
) (C:\Users\Gabriel\AppData\Local\Programs\MiKTeX\tex/generic/pst-arrow\pst-arrow.tex `pst-arrow' v0.05, 2021/11/16 (dr,hv)) (C:\Users\Gabriel\AppData\Local\Programs\MiKTeX\tex/generic/pst-3d\pst-3d.tex `PST-3d' v1.11, 2010/02/14 (tvz)) (C:\Users\Gabriel\AppData\Local\Programs\MiKTeX\tex/generic/pst-math\pst-math.tex `pst-math' v0.64 , (CJ,hv)) `pstricks-add' v3.91, 2021/09/25 (dr,hv)
\psparallelogramsep=\dimen360
\pst@cntC=\count379
\pst@stepcount=\count380
\chart@ColorIndex=\dimen361
\chart@ColorStep=\dimen362
\pst@chartHeight=\dimen363
\pst@chartStackDepth=\dimen364
\pst@chartStackWidth=\dimen365
\chart@Toggle=\count381
\psVectorCtr=\count382
)  v1.93, 2021/09/23 (tvz,hv)
\pstRadUnit=\dimen366
\pstRadUnitInv=\dimen367
\pst@linecnt=\count383
\RCD@file=\read4
\psxlabelsep=\dimen368
\psylabelsep=\dimen369
\psk@subticksize=\dimen370
\pst@xticksizeA=\dimen371
\pst@xticksizeB=\dimen372
\pst@xticksizeC=\dimen373
\pst@yticksizeA=\dimen374
\pst@yticksizeB=\dimen375
\pst@yticksizeC=\dimen376
\@digitcounter=\count384
\psk@llx=\dimen377
\psk@lly=\dimen378
\psk@urx=\dimen379
\psk@ury=\dimen380
\pst@xunit=\dimen381
\pst@yunit=\dimen382
)
File: pst-plot.tex 2021/09/23 1.93 `pst-plot' (tvz,hv)
) (C:\Users\Gabriel\AppData\Local\Programs\MiKTeX\tex/latex/pst-node\pst-node.sty
Package: pst-node 2012/09/18 v1.01 LaTeX wrapper for `pst-node' (HV)
Package: pst-node 2010/04/22 package wrapper for pst-node.tex
 (C:\Users\Gabriel\AppData\Local\Programs\MiKTeX\tex/generic/pst-node\pst-node.tex)
File: pst-node.tex 2021/09/23 1.93 `pst-node' (tvz,hv)
) (C:\Users\Gabriel\AppData\Local\Programs\MiKTeX\tex/latex/pst-tree\pst-tree.sty
Package: pst-tree 2009/01/25 package wrapper for pst-tree.tex
 (C:\Users\Gabriel\AppData\Local\Programs\MiKTeX\tex/generic/pst-tree\pst-tree.tex  v1.14, 2021/09/04(tvz,dg,hv)
\pstree@rootbox=\box79
\pstree@box=\box80
\psnodecnt=\count385
\pstreelevel=\count386
\pstreecnt=\count387
\pstree@cnt=\count388
\pstree@stop=\count389
)
File: pst-tree.tex 2021/09/04 1.14 `pst-tree' (tvz,hv)
) (C:\Users\Gabriel\AppData\Local\Programs\MiKTeX\tex/latex/pst-grad\pst-grad.sty
Package: pst-grad 2004/07/15 package wrapper for pst-grad.tex (hv)
 (C:\Users\Gabriel\AppData\Local\Programs\MiKTeX\tex/generic/pst-grad\pst-grad.tex `pst-grad' v1.06, 2006/11/27 (tvz,dg,hv))
File: pst-grad.tex 2006/11/27 1.06 `pst-grad' (tvz)
) (C:\Users\Gabriel\AppData\Local\Programs\MiKTeX\tex/latex/pst-coil\pst-coil.sty
Package: pst-coil 2010/02/01 package wrapper for pst-coil.tex (hv)
 (C:\Users\Gabriel\AppData\Local\Programs\MiKTeX\tex/generic/pst-coil\pst-coil.tex  v1.06, 2006/11/27 (C:\Users\Gabriel\AppData\Local\Programs\MiKTeX\tex/generic/pst-node\pst-node.tex))
File: pst-coil.tex 2015/05/13 v1.07 `PST-coil' (tvz,hv)
) (C:\Users\Gabriel\AppData\Local\Programs\MiKTeX\tex/latex/pst-text\pst-text.sty
Package: pst-text 2018/12/28 package wrapper for pst-text.tex (hv)
 (C:\Users\Gabriel\AppData\Local\Programs\MiKTeX\tex/generic/pst-text\pst-text.tex  v1.01, 2018/12/22(tvz,hv))
File: pst-text.tex 2018/12/22 1.01 `pst-text' (tvz)
) (C:\Users\Gabriel\AppData\Local\Programs\MiKTeX\tex/latex/pst-3d\pst-3d.sty
Package: pst-3d 2009/07/28 package wrapper for pst-3d.tex (hv)
 (C:\Users\Gabriel\AppData\Local\Programs\MiKTeX\tex/generic/pst-3d\pst-3d.tex)
File: pst-3d.tex 2018/12/22 v1.01 `PST-3d' (hv)
) (C:\Users\Gabriel\AppData\Local\Programs\MiKTeX\tex/latex/pst-eps\pst-eps.sty
Package: pst-eps 2005/05/20 package wrapper for pst-eps.tex (hv)
 (C:\Users\Gabriel\AppData\Local\Programs\MiKTeX\tex/generic/pst-eps\pst-eps.tex  v1.00, 2006/11/04
\pst@epsout=\write4
\pst@tempout=\write5
)
File: pst-eps.tex 2006/11/04 1.00 `pst-eps' (tvz)
) (C:\Users\Gabriel\AppData\Local\Programs\MiKTeX\tex/latex/pst-fill\pst-fill.sty
Package: pst-fill 2010/03/20 package wrapper for pst-fill.tex (hv)
 (C:\Users\Gabriel\AppData\Local\Programs\MiKTeX\tex/generic/pst-fill\pst-fill.tex `PST-Fill' v1.02, 2021/10/01 (tvz,dg,hv)
\pst@fillbox=\box81
)
File: pst-fill.tex 2021/10/01 v1.02 `PST-fill' (tvz,dg,hv)
) (C:\Users\Gabriel\AppData\Local\Programs\MiKTeX\tex/latex/pstricks-add\pstricks-add.sty (C:\Users\Gabriel\AppData\Local\Programs\MiKTeX\tex/latex/pst-math\pst-math.sty
Package: pst-math 2018/12/16 v 0.65 package wrapper for PSTricks pst-math.tex
 (C:\Users\Gabriel\AppData\Local\Programs\MiKTeX\tex/latex/pst-calculate\pst-calculate.sty
Package: pst-calculate 2019/01/24 v. 0.02(Herbert Voss) Support for caculations with floating point numbers.
 (C:\Users\Gabriel\AppData\Local\Programs\MiKTeX\tex/latex/l3packages/xparse\xparse.sty
Package: xparse 2022-01-12 L3 Experimental document command parser
) (C:\Users\Gabriel\AppData\Local\Programs\MiKTeX\tex/latex/siunitx\siunitx.sty
Package: siunitx 2022-08-08 v3.1.6 A comprehensive (SI) units package
\l__siunitx_angle_tmp_dim=\dimen383
\l__siunitx_angle_marker_box=\box82
\l__siunitx_angle_unit_box=\box83
\l__siunitx_compound_count_int=\count390
 (C:\Users\Gabriel\AppData\Local\Programs\MiKTeX\tex/latex/translations\translations.sty
Package: translations 2022/02/05 v1.12 internationalization of LaTeX2e packages (CN)
 (C:\Users\Gabriel\AppData\Local\Programs\MiKTeX\tex/latex/etoolbox\etoolbox.sty
Package: etoolbox 2020/10/05 v2.5k e-TeX tools for LaTeX (JAW)
\etb@tempcnta=\count391
) (C:\Users\Gabriel\AppData\Local\Programs\MiKTeX\tex/generic/pdftexcmds\pdftexcmds.sty
Package: pdftexcmds 2020-06-27 v0.33 Utility functions of pdfTeX for LuaTeX (HO)
 (C:\Users\Gabriel\AppData\Local\Programs\MiKTeX\tex/generic/infwarerr\infwarerr.sty
Package: infwarerr 2019/12/03 v1.5 Providing info/warning/error messages (HO)
) (C:\Users\Gabriel\AppData\Local\Programs\MiKTeX\tex/generic/ltxcmds\ltxcmds.sty
Package: ltxcmds 2020-05-10 v1.25 LaTeX kernel commands for general use (HO)
)
Package pdftexcmds Info: \pdf@primitive is available.
Package pdftexcmds Info: \pdf@ifprimitive is available.
Package pdftexcmds Info: \pdfdraftmode found.
))
\l__siunitx_number_exponent_fixed_int=\count392
\l__siunitx_number_min_decimal_int=\count393
\l__siunitx_number_min_integer_int=\count394
\l__siunitx_number_round_precision_int=\count395
\l__siunitx_number_group_first_int=\count396
\l__siunitx_number_group_size_int=\count397
\l__siunitx_number_group_minimum_int=\count398
\l__siunitx_table_tmp_box=\box84
\l__siunitx_table_tmp_dim=\dimen384
\l__siunitx_table_column_width_dim=\dimen385
\l__siunitx_table_integer_box=\box85
\l__siunitx_table_decimal_box=\box86
\l__siunitx_table_before_box=\box87
\l__siunitx_table_after_box=\box88
\l__siunitx_table_before_dim=\dimen386
\l__siunitx_table_carry_dim=\dimen387
\l__siunitx_unit_tmp_int=\count399
\l__siunitx_unit_position_int=\count400
\l__siunitx_unit_total_int=\count401
 (C:\Users\Gabriel\AppData\Local\Programs\MiKTeX\tex/latex/l3packages/l3keys2e\l3keys2e.sty
Package: l3keys2e 2022-01-12 LaTeX2e option processing using LaTeX3 keys
) (C:\Users\Gabriel\AppData\Local\Programs\MiKTeX\tex/latex/tools\array.sty
Package: array 2021/10/04 v2.5f Tabular extension package (FMi)
\col@sep=\dimen388
\ar@mcellbox=\box89
\extrarowheight=\dimen389
\NC@list=\toks55
\extratabsurround=\skip71
\backup@length=\skip72
\ar@cellbox=\box90
))) (C:\Users\Gabriel\AppData\Local\Programs\MiKTeX\tex/generic/iftex\ifluatex.sty
Package: ifluatex 2019/10/25 v1.5 ifluatex legacy package. Use iftex instead.
) (C:\Users\Gabriel\AppData\Local\Programs\MiKTeX\tex/generic/pst-math\pst-math.tex)
File: pst-math.tex 2021/10/01 v1.02 `PST-math' (hv)
\c@Rand@No=\count402
\c@Random@Left=\count403
\c@Random@Right=\count404
\c@Random@No@max=\count405
)
Package: pstricks-add 2021/09/10 v. 0.17 package wrapper for pstricks-add.tex (hv)
 (C:\Users\Gabriel\AppData\Local\Programs\MiKTeX\tex/generic/pstricks-add\pstricks-add.tex)
File: pstricks-add.tex 2021/10/01 v1.02 `PSTricks-add' (hv)
)) (C:\Users\Gabriel\AppData\Local\Programs\MiKTeX\tex/latex/lipsum\lipsum.sty
Package: lipsum 2021-09-20 v2.7 150 paragraphs of Lorem Ipsum dummy text
\g__lipsum_par_int=\count406
\l__lipsum_a_int=\count407
\l__lipsum_b_int=\count408
 (C:\Users\Gabriel\AppData\Local\Programs\MiKTeX\tex/latex/lipsum\lipsum.ltd.tex)) (C:\Users\Gabriel\AppData\Local\Programs\MiKTeX\tex/latex/tools\multicol.sty
Package: multicol 2021/10/28 v1.9b multicolumn formatting (FMi)
\c@tracingmulticols=\count409
\mult@box=\box91
\multicol@leftmargin=\dimen390
\c@unbalance=\count410
\c@collectmore=\count411
\doublecol@number=\count412
\multicoltolerance=\count413
\multicolpretolerance=\count414
\full@width=\dimen391
\page@free=\dimen392
\premulticols=\dimen393
\postmulticols=\dimen394
\multicolsep=\skip73
\multicolbaselineskip=\skip74
\partial@page=\box92
\last@line=\box93
\maxbalancingoverflow=\dimen395
\mult@rightbox=\box94
\mult@grightbox=\box95
\mult@firstbox=\box96
\mult@gfirstbox=\box97
\@tempa=\box98
\@tempa=\box99
\@tempa=\box100
\@tempa=\box101
\@tempa=\box102
\@tempa=\box103
\@tempa=\box104
\@tempa=\box105
\@tempa=\box106
\@tempa=\box107
\@tempa=\box108
\@tempa=\box109
\@tempa=\box110
\@tempa=\box111
\@tempa=\box112
\@tempa=\box113
\@tempa=\box114
\@tempa=\box115
\@tempa=\box116
\@tempa=\box117
\@tempa=\box118
\@tempa=\box119
\@tempa=\box120
\@tempa=\box121
\@tempa=\box122
\@tempa=\box123
\@tempa=\box124
\@tempa=\box125
\@tempa=\box126
\@tempa=\box127
\@tempa=\box128
\@tempa=\box129
\@tempa=\box130
\@tempa=\box131
\@tempa=\box132
\@tempa=\box133
\c@minrows=\count415
\c@columnbadness=\count416
\c@finalcolumnbadness=\count417
\last@try=\dimen396
\multicolovershoot=\dimen397
\multicolundershoot=\dimen398
\mult@nat@firstbox=\box134
\colbreak@box=\box135
\mc@col@check@num=\count418
) (C:\Users\Gabriel\AppData\Local\Programs\MiKTeX\tex/latex/enumitem\enumitem.sty
Package: enumitem 2019/06/20 v3.9 Customized lists
\labelindent=\skip75
\enit@outerparindent=\dimen399
\enit@toks=\toks56
\enit@inbox=\box136
\enit@count@id=\count419
\enitdp@description=\count420
) (C:\Users\Gabriel\AppData\Local\Programs\MiKTeX\tex/latex/hyperref\hyperref.sty
Package: hyperref 2022-05-13 v7.00o Hypertext links for LaTeX
 (C:\Users\Gabriel\AppData\Local\Programs\MiKTeX\tex/generic/kvsetkeys\kvsetkeys.sty
Package: kvsetkeys 2019/12/15 v1.18 Key value parser (HO)
) (C:\Users\Gabriel\AppData\Local\Programs\MiKTeX\tex/generic/kvdefinekeys\kvdefinekeys.sty
Package: kvdefinekeys 2019-12-19 v1.6 Define keys (HO)
) (C:\Users\Gabriel\AppData\Local\Programs\MiKTeX\tex/generic/pdfescape\pdfescape.sty
Package: pdfescape 2019/12/09 v1.15 Implements pdfTeX's escape features (HO)
) (C:\Users\Gabriel\AppData\Local\Programs\MiKTeX\tex/latex/hycolor\hycolor.sty
Package: hycolor 2020-01-27 v1.10 Color options for hyperref/bookmark (HO)
) (C:\Users\Gabriel\AppData\Local\Programs\MiKTeX\tex/latex/letltxmacro\letltxmacro.sty
Package: letltxmacro 2019/12/03 v1.6 Let assignment for LaTeX macros (HO)
) (C:\Users\Gabriel\AppData\Local\Programs\MiKTeX\tex/latex/auxhook\auxhook.sty
Package: auxhook 2019-12-17 v1.6 Hooks for auxiliary files (HO)
) (C:\Users\Gabriel\AppData\Local\Programs\MiKTeX\tex/latex/kvoptions\kvoptions.sty
Package: kvoptions 2020-10-07 v3.14 Key value format for package options (HO)
)
\@linkdim=\dimen400
\Hy@linkcounter=\count421
\Hy@pagecounter=\count422
 (C:\Users\Gabriel\AppData\Local\Programs\MiKTeX\tex/latex/hyperref\pd1enc.def
File: pd1enc.def 2022-05-13 v7.00o Hyperref: PDFDocEncoding definition (HO)
Now handling font encoding PD1 ...
... no UTF-8 mapping file for font encoding PD1
) (C:\Users\Gabriel\AppData\Local\Programs\MiKTeX\tex/generic/intcalc\intcalc.sty
Package: intcalc 2019/12/15 v1.3 Expandable calculations with integers (HO)
) (C:\Users\Gabriel\AppData\Local\Programs\MiKTeX\tex/generic/etexcmds\etexcmds.sty
Package: etexcmds 2019/12/15 v1.7 Avoid name clashes with e-TeX commands (HO)
)
\Hy@SavedSpaceFactor=\count423
 (C:\Users\Gabriel\AppData\Local\Programs\MiKTeX\tex/latex/hyperref\puenc.def
File: puenc.def 2022-05-13 v7.00o Hyperref: PDF Unicode definition (HO)
Now handling font encoding PU ...
... no UTF-8 mapping file for font encoding PU
)
Package hyperref Info: Hyper figures OFF on input line 4142.
Package hyperref Info: Link nesting OFF on input line 4147.
Package hyperref Info: Hyper index ON on input line 4150.
Package hyperref Info: Plain pages OFF on input line 4157.
Package hyperref Info: Backreferencing OFF on input line 4162.
Package hyperref Info: Implicit mode ON; LaTeX internals redefined.
Package hyperref Info: Bookmarks ON on input line 4395.
\c@Hy@tempcnt=\count424
 (C:\Users\Gabriel\AppData\Local\Programs\MiKTeX\tex/latex/url\url.sty
\Urlmuskip=\muskip22
Package: url 2013/09/16  ver 3.4  Verb mode for urls, etc.
)
LaTeX Info: Redefining \url on input line 4742.
\XeTeXLinkMargin=\dimen401
 (C:\Users\Gabriel\AppData\Local\Programs\MiKTeX\tex/generic/bitset\bitset.sty
Package: bitset 2019/12/09 v1.3 Handle bit-vector datatype (HO)
 (C:\Users\Gabriel\AppData\Local\Programs\MiKTeX\tex/generic/bigintcalc\bigintcalc.sty
Package: bigintcalc 2019/12/15 v1.5 Expandable calculations on big integers (HO)
))
\Fld@menulength=\count425
\Field@Width=\dimen402
\Fld@charsize=\dimen403
Package hyperref Info: Hyper figures OFF on input line 6020.
Package hyperref Info: Link nesting OFF on input line 6025.
Package hyperref Info: Hyper index ON on input line 6028.
Package hyperref Info: backreferencing OFF on input line 6035.
Package hyperref Info: Link coloring OFF on input line 6040.
Package hyperref Info: Link coloring with OCG OFF on input line 6045.
Package hyperref Info: PDF/A mode OFF on input line 6050.
LaTeX Info: Redefining \ref on input line 6097.
LaTeX Info: Redefining \pageref on input line 6097.
 (C:\Users\Gabriel\AppData\Local\Programs\MiKTeX\tex/latex/base\atbegshi-ltx.sty
Package: atbegshi-ltx 2021/01/10 v1.0c Emulation of the original atbegshi
package with kernel methods
)
\Hy@abspage=\count426
\c@Item=\count427
\c@Hfootnote=\count428
)
Package hyperref Info: Driver (autodetected): hpdftex.
 (C:\Users\Gabriel\AppData\Local\Programs\MiKTeX\tex/latex/hyperref\hpdftex.def
File: hpdftex.def 2022-05-13 v7.00o Hyperref driver for pdfTeX
 (C:\Users\Gabriel\AppData\Local\Programs\MiKTeX\tex/latex/base\atveryend-ltx.sty
Package: atveryend-ltx 2020/08/19 v1.0a Emulation of the original atveryend package
with kernel methods
)
\Fld@listcount=\count429
\c@bookmark@seq@number=\count430
 (C:\Users\Gabriel\AppData\Local\Programs\MiKTeX\tex/latex/rerunfilecheck\rerunfilecheck.sty
Package: rerunfilecheck 2019/12/05 v1.9 Rerun checks for auxiliary files (HO)
 (C:\Users\Gabriel\AppData\Local\Programs\MiKTeX\tex/generic/uniquecounter\uniquecounter.sty
Package: uniquecounter 2019/12/15 v1.4 Provide unlimited unique counter (HO)
)
Package uniquecounter Info: New unique counter `rerunfilecheck' on input line 286.
)
\Hy@SectionHShift=\skip76
) (C:\Users\Gabriel\AppData\Local\Programs\MiKTeX\tex/latex/graphics\lscape.sty
Package: lscape 2020/05/28 v3.02 Landscape Pages (DPC)
) (C:\Users\Gabriel\AppData\Local\Programs\MiKTeX\tex/latex/lm\lmodern.sty
Package: lmodern 2015/05/01 v1.6.1 Latin Modern Fonts
LaTeX Font Info:    Overwriting symbol font `operators' in version `normal'
(Font)                  OT1/cmr/m/n --> OT1/lmr/m/n on input line 22.
LaTeX Font Info:    Overwriting symbol font `letters' in version `normal'
(Font)                  OML/cmm/m/it --> OML/lmm/m/it on input line 23.
LaTeX Font Info:    Overwriting symbol font `symbols' in version `normal'
(Font)                  OMS/cmsy/m/n --> OMS/lmsy/m/n on input line 24.
LaTeX Font Info:    Overwriting symbol font `largesymbols' in version `normal'
(Font)                  OMX/cmex/m/n --> OMX/lmex/m/n on input line 25.
LaTeX Font Info:    Overwriting symbol font `operators' in version `bold'
(Font)                  OT1/cmr/bx/n --> OT1/lmr/bx/n on input line 26.
LaTeX Font Info:    Overwriting symbol font `letters' in version `bold'
(Font)                  OML/cmm/b/it --> OML/lmm/b/it on input line 27.
LaTeX Font Info:    Overwriting symbol font `symbols' in version `bold'
(Font)                  OMS/cmsy/b/n --> OMS/lmsy/b/n on input line 28.
LaTeX Font Info:    Overwriting symbol font `largesymbols' in version `bold'
(Font)                  OMX/cmex/m/n --> OMX/lmex/m/n on input line 29.
LaTeX Font Info:    Overwriting math alphabet `\mathbf' in version `normal'
(Font)                  OT1/cmr/bx/n --> OT1/lmr/bx/n on input line 31.
LaTeX Font Info:    Overwriting math alphabet `\mathsf' in version `normal'
(Font)                  OT1/cmss/m/n --> OT1/lmss/m/n on input line 32.
LaTeX Font Info:    Overwriting math alphabet `\mathit' in version `normal'
(Font)                  OT1/cmr/m/it --> OT1/lmr/m/it on input line 33.
LaTeX Font Info:    Overwriting math alphabet `\mathtt' in version `normal'
(Font)                  OT1/cmtt/m/n --> OT1/lmtt/m/n on input line 34.
LaTeX Font Info:    Overwriting math alphabet `\mathbf' in version `bold'
(Font)                  OT1/cmr/bx/n --> OT1/lmr/bx/n on input line 35.
LaTeX Font Info:    Overwriting math alphabet `\mathsf' in version `bold'
(Font)                  OT1/cmss/bx/n --> OT1/lmss/bx/n on input line 36.
LaTeX Font Info:    Overwriting math alphabet `\mathit' in version `bold'
(Font)                  OT1/cmr/bx/it --> OT1/lmr/bx/it on input line 37.
LaTeX Font Info:    Overwriting math alphabet `\mathtt' in version `bold'
(Font)                  OT1/cmtt/m/n --> OT1/lmtt/m/n on input line 38.
) (C:\Users\Gabriel\AppData\Local\Programs\MiKTeX\tex/latex/fancyhdr\fancyhdr.sty
Package: fancyhdr 2022/05/10 v4.0.2 Extensive control of page headers and footers
\f@nch@headwidth=\skip77
\f@nch@O@elh=\skip78
\f@nch@O@erh=\skip79
\f@nch@O@olh=\skip80
\f@nch@O@orh=\skip81
\f@nch@O@elf=\skip82
\f@nch@O@erf=\skip83
\f@nch@O@olf=\skip84
\f@nch@O@orf=\skip85
) (C:\Users\Gabriel\AppData\Local\Programs\MiKTeX\tex/latex/mdframed\mdframed.sty
Package: mdframed 2013/07/01 1.9b: mdframed
 (C:\Users\Gabriel\AppData\Local\Programs\MiKTeX\tex/latex/zref\zref-abspage.sty
Package: zref-abspage 2022-04-07 v2.34 Module abspage for zref (HO)
 (C:\Users\Gabriel\AppData\Local\Programs\MiKTeX\tex/latex/zref\zref-base.sty
Package: zref-base 2022-04-07 v2.34 Module base for zref (HO)
Package zref Info: New property list: main on input line 767.
Package zref Info: New property: default on input line 768.
Package zref Info: New property: page on input line 769.
)
\c@abspage=\count431
Package zref Info: New property: abspage on input line 65.
) (C:\Users\Gabriel\AppData\Local\Programs\MiKTeX\tex/latex/needspace\needspace.sty
Package: needspace 2010/09/12 v1.3d reserve vertical space
)
\mdf@templength=\skip86
\c@mdf@globalstyle@cnt=\count432
\mdf@skipabove@length=\skip87
\mdf@skipbelow@length=\skip88
\mdf@leftmargin@length=\skip89
\mdf@rightmargin@length=\skip90
\mdf@innerleftmargin@length=\skip91
\mdf@innerrightmargin@length=\skip92
\mdf@innertopmargin@length=\skip93
\mdf@innerbottommargin@length=\skip94
\mdf@splittopskip@length=\skip95
\mdf@splitbottomskip@length=\skip96
\mdf@outermargin@length=\skip97
\mdf@innermargin@length=\skip98
\mdf@linewidth@length=\skip99
\mdf@innerlinewidth@length=\skip100
\mdf@middlelinewidth@length=\skip101
\mdf@outerlinewidth@length=\skip102
\mdf@roundcorner@length=\skip103
\mdf@footenotedistance@length=\skip104
\mdf@userdefinedwidth@length=\skip105
\mdf@needspace@length=\skip106
\mdf@frametitleaboveskip@length=\skip107
\mdf@frametitlebelowskip@length=\skip108
\mdf@frametitlerulewidth@length=\skip109
\mdf@frametitleleftmargin@length=\skip110
\mdf@frametitlerightmargin@length=\skip111
\mdf@shadowsize@length=\skip112
\mdf@extratopheight@length=\skip113
\mdf@subtitleabovelinewidth@length=\skip114
\mdf@subtitlebelowlinewidth@length=\skip115
\mdf@subtitleaboveskip@length=\skip116
\mdf@subtitlebelowskip@length=\skip117
\mdf@subtitleinneraboveskip@length=\skip118
\mdf@subtitleinnerbelowskip@length=\skip119
\mdf@subsubtitleabovelinewidth@length=\skip120
\mdf@subsubtitlebelowlinewidth@length=\skip121
\mdf@subsubtitleaboveskip@length=\skip122
\mdf@subsubtitlebelowskip@length=\skip123
\mdf@subsubtitleinneraboveskip@length=\skip124
\mdf@subsubtitleinnerbelowskip@length=\skip125
 (C:\Users\Gabriel\AppData\Local\Programs\MiKTeX\tex/latex/mdframed\md-frame-1.mdf
File: md-frame-1.mdf 2013/07/01\ 1.9b: md-frame-1
)
\mdf@frametitlebox=\box137
\mdf@footnotebox=\box138
\mdf@splitbox@one=\box139
\mdf@splitbox@two=\box140
\mdf@splitbox@save=\box141
\mdfsplitboxwidth=\skip126
\mdfsplitboxtotalwidth=\skip127
\mdfsplitboxheight=\skip128
\mdfsplitboxdepth=\skip129
\mdfsplitboxtotalheight=\skip130
\mdfframetitleboxwidth=\skip131
\mdfframetitleboxtotalwidth=\skip132
\mdfframetitleboxheight=\skip133
\mdfframetitleboxdepth=\skip134
\mdfframetitleboxtotalheight=\skip135
\mdffootnoteboxwidth=\skip136
\mdffootnoteboxtotalwidth=\skip137
\mdffootnoteboxheight=\skip138
\mdffootnoteboxdepth=\skip139
\mdffootnoteboxtotalheight=\skip140
\mdftotallinewidth=\skip141
\mdfboundingboxwidth=\skip142
\mdfboundingboxtotalwidth=\skip143
\mdfboundingboxheight=\skip144
\mdfboundingboxdepth=\skip145
\mdfboundingboxtotalheight=\skip146
\mdf@freevspace@length=\skip147
\mdf@horizontalwidthofbox@length=\skip148
\mdf@verticalmarginwhole@length=\skip149
\mdf@horizontalspaceofbox=\skip150
\mdfsubtitleheight=\skip151
\mdfsubsubtitleheight=\skip152
\c@mdfcountframes=\count433

****** mdframed patching \endmdf@trivlist

****** -- success******

\mdf@envdepth=\count434
\c@mdf@env@i=\count435
\c@mdf@env@ii=\count436
\c@mdf@zref@counter=\count437
Package zref Info: New property: mdf@pagevalue on input line 895.
) (C:\Users\Gabriel\AppData\Local\Programs\MiKTeX\tex/latex/geometry\geometry.sty
Package: geometry 2020/01/02 v5.9 Page Geometry
 (C:\Users\Gabriel\AppData\Local\Programs\MiKTeX\tex/generic/iftex\ifvtex.sty
Package: ifvtex 2019/10/25 v1.7 ifvtex legacy package. Use iftex instead.
)
\Gm@cnth=\count438
\Gm@cntv=\count439
\c@Gm@tempcnt=\count440
\Gm@bindingoffset=\dimen404
\Gm@wd@mp=\dimen405
\Gm@odd@mp=\dimen406
\Gm@even@mp=\dimen407
\Gm@layoutwidth=\dimen408
\Gm@layoutheight=\dimen409
\Gm@layouthoffset=\dimen410
\Gm@layoutvoffset=\dimen411
\Gm@dimlist=\toks57
 (C:\Users\Gabriel\AppData\Local\Programs\MiKTeX\tex/latex/geometry\geometry.cfg))
Package caption Info: Option `figurename' requires the `newfloat' package on input line 37.
 (C:\Users\Gabriel\AppData\Local\Programs\MiKTeX\tex/latex/newfloat\newfloat.sty
Package: newfloat 2019/09/02 v1.1l Defining new floating environments (AR)
Package newfloat Info: `wrapfig' package detected.
) (C:\Users\Gabriel\AppData\Local\Programs\MiKTeX\tex/generic/pgf/frontendlayer/tikz/libraries\tikzlibrarypatterns.code.tex
File: tikzlibrarypatterns.code.tex 2021/05/15 v3.1.9a (3.1.9a)
 (C:\Users\Gabriel\AppData\Local\Programs\MiKTeX\tex/generic/pgf/libraries\pgflibrarypatterns.code.tex
File: pgflibrarypatterns.code.tex 2021/05/15 v3.1.9a (3.1.9a)
)) (C:\Users\Gabriel\AppData\Local\Programs\MiKTeX\tex/generic/pgf/frontendlayer/tikz/libraries\tikzlibraryshadows.code.tex
File: tikzlibraryshadows.code.tex 2021/05/15 v3.1.9a (3.1.9a)
 (C:\Users\Gabriel\AppData\Local\Programs\MiKTeX\tex/generic/pgf/frontendlayer/tikz/libraries\tikzlibraryfadings.code.tex
File: tikzlibraryfadings.code.tex 2021/05/15 v3.1.9a (3.1.9a)
 (C:\Users\Gabriel\AppData\Local\Programs\MiKTeX\tex/generic/pgf/libraries\pgflibraryfadings.code.tex
File: pgflibraryfadings.code.tex 2021/05/15 v3.1.9a (3.1.9a)
))) (C:\Users\Gabriel\AppData\Local\Programs\MiKTeX\tex/generic/pgf/frontendlayer/tikz/libraries\tikzlibrarybackgrounds.code.tex
File: tikzlibrarybackgrounds.code.tex 2021/05/15 v3.1.9a (3.1.9a)
\pgf@layerbox@background=\box142
\pgf@layerboxsaved@background=\box143
) (C:\Users\Gabriel\AppData\Local\Programs\MiKTeX\tex/generic/pgf/frontendlayer/tikz/libraries\tikzlibrarycalc.code.tex
File: tikzlibrarycalc.code.tex 2021/05/15 v3.1.9a (3.1.9a)
) (C:\Users\Gabriel\AppData\Local\Programs\MiKTeX\tex/latex/chngcntr\chngcntr.sty
Package: chngcntr 2018/04/09 v1.1a change counter resetting
Package chngcntr Info: \counterwithout already defined.
(chngcntr)             Quitting chngcntr on input line 21.
) (C:\Users\Gabriel\AppData\Local\Programs\MiKTeX\tex/generic/pgf/frontendlayer/tikz/libraries\tikzlibrarydecorations.text.code.tex (C:\Users\Gabriel\AppData\Local\Programs\MiKTeX\tex/generic/pgf/libraries/decorations\pgflibrarydecorations.text.code.tex
\pgf@lib@dec@text@box=\box144
)
\tikz@lib@dec@te@box=\box145
) (C:\Users\Gabriel\AppData\Local\Programs\MiKTeX\tex/generic/pgf/frontendlayer/tikz/libraries\tikzlibraryshapes.geometric.code.tex
File: tikzlibraryshapes.geometric.code.tex 2021/05/15 v3.1.9a (3.1.9a)
 (C:\Users\Gabriel\AppData\Local\Programs\MiKTeX\tex/generic/pgf/libraries/shapes\pgflibraryshapes.geometric.code.tex
File: pgflibraryshapes.geometric.code.tex 2021/05/15 v3.1.9a (3.1.9a)
)) (C:\Users\Gabriel\AppData\Local\Programs\MiKTeX\tex/generic/pgf/frontendlayer/tikz/libraries\tikzlibraryshadings.code.tex
File: tikzlibraryshadings.code.tex 2021/05/15 v3.1.9a (3.1.9a)
 (C:\Users\Gabriel\AppData\Local\Programs\MiKTeX\tex/generic/pgf/libraries\pgflibraryshadings.code.tex
File: pgflibraryshadings.code.tex 2021/05/15 v3.1.9a (3.1.9a)
))
Package hyperref Info: Option `colorlinks' set `true' on input line 154.
) (C:\Users\Gabriel\AppData\Local\Programs\MiKTeX\tex/latex/dashundergaps\dashundergaps.sty (C:\Users\Gabriel\AppData\Local\Programs\MiKTeX\tex/latex/ulem\ulem.sty
\UL@box=\box146
\UL@hyphenbox=\box147
\UL@skip=\skip153
\UL@hook=\toks58
\UL@height=\dimen412
\UL@pe=\count441
\UL@pixel=\dimen413
\ULC@box=\box148
Package: ulem 2019/11/18
\ULdepth=\dimen414
)
Package: dashundergaps 2021-03-05 vv2.0h Dashing and underlining phantom text
\c@gapnumber=\count442
\c@totalgapnumber=\count443
\l__fmdug_extend_dim=\dimen415
\l__fmdug_gap_min_dim=\dimen416
)
LaTeX Font Info:    Trying to load font information for T1+lmr on input line 16.
 (C:\Users\Gabriel\AppData\Local\Programs\MiKTeX\tex/latex/lm\t1lmr.fd
File: t1lmr.fd 2015/05/01 v1.6.1 Font defs for Latin Modern
)
No file Montage_Intererences_Lumineuses.aux.
\openout1 = `Montage_Intererences_Lumineuses.aux'.

LaTeX Font Info:    Checking defaults for OML/cmm/m/it on input line 16.
LaTeX Font Info:    ... okay on input line 16.
LaTeX Font Info:    Checking defaults for OMS/cmsy/m/n on input line 16.
LaTeX Font Info:    ... okay on input line 16.
LaTeX Font Info:    Checking defaults for OT1/cmr/m/n on input line 16.
LaTeX Font Info:    ... okay on input line 16.
LaTeX Font Info:    Checking defaults for T1/cmr/m/n on input line 16.
LaTeX Font Info:    ... okay on input line 16.
LaTeX Font Info:    Checking defaults for TS1/cmr/m/n on input line 16.
LaTeX Font Info:    ... okay on input line 16.
LaTeX Font Info:    Checking defaults for OMX/cmex/m/n on input line 16.
LaTeX Font Info:    ... okay on input line 16.
LaTeX Font Info:    Checking defaults for U/cmr/m/n on input line 16.
LaTeX Font Info:    ... okay on input line 16.
LaTeX Font Info:    Checking defaults for PD1/pdf/m/n on input line 16.
LaTeX Font Info:    ... okay on input line 16.
LaTeX Font Info:    Checking defaults for PU/pdf/m/n on input line 16.
LaTeX Font Info:    ... okay on input line 16.
(C:\Users\Gabriel\AppData\Local\Programs\MiKTeX\tex/context/base/mkii\supp-pdf.mkii
[Loading MPS to PDF converter (version 2006.09.02).]
\scratchcounter=\count444
\scratchdimen=\dimen417
\scratchbox=\box149
\nofMPsegments=\count445
\nofMParguments=\count446
\everyMPshowfont=\toks59
\MPscratchCnt=\count447
\MPscratchDim=\dimen418
\MPnumerator=\count448
\makeMPintoPDFobject=\count449
\everyMPtoPDFconversion=\toks60
) (C:\Users\Gabriel\AppData\Local\Programs\MiKTeX\tex/latex/epstopdf-pkg\epstopdf-base.sty
Package: epstopdf-base 2020-01-24 v2.11 Base part for package epstopdf
 (C:\Users\Gabriel\AppData\Local\Programs\MiKTeX\tex/latex/grfext\grfext.sty
Package: grfext 2019/12/03 v1.3 Manage graphics extensions (HO)
)
Package epstopdf-base Info: Redefining graphics rule for `.eps' on input line 485.
Package grfext Info: Graphics extension search list:
(grfext)             [.pdf,.png,.jpg,.mps,.jpeg,.jbig2,.jb2,.PDF,.PNG,.JPG,.JPEG,.JBIG2,.JB2,.eps]
(grfext)             \AppendGraphicsExtensions on input line 504.
 (C:\Users\Gabriel\AppData\Local\Programs\MiKTeX\tex/latex/00miktex\epstopdf-sys.cfg
File: epstopdf-sys.cfg 2021/03/18 v2.0 Configuration of epstopdf for MiKTeX
))
LaTeX Info: Redefining \degres on input line 16.
Package french.ldf Info: Setting StandardItemizeEnv=true for
(french.ldf)             compatibility with enumitem package,
(french.ldf)             reported on input line 16.
Package french.ldf Info: Setting StandardEnumerateEnv=true for
(french.ldf)             compatibility with enumitem package,
(french.ldf)             reported on input line 16.
LaTeX Info: Redefining \up on input line 16.
\symgns@font=\mathgroup6
LaTeX Font Info:    Overwriting symbol font `gns@font' in version `bold'
(Font)                  TS1/lmr/m/n --> TS1/lmr/b/n on input line 16.
Package gensymb Info: Math companion symbols declared on input line 16.
LaTeX Info: Redefining \degree on input line 16.
LaTeX Info: Redefining \celsius on input line 16.
Package gensymb Info: Using text companion symbols for \degree, \celsius and \perthousand on input line 16.
LaTeX Info: Redefining \ohm on input line 16.
Package gensymb Info: Using \textohm for \ohm on input line 16.
Package gensymb Info: Using \textmu for \micro on input line 16.


Package pgfplots Warning: running in backwards compatibility mode (unsuitable tick labels; missing features). Consider writing \pgfplotsset{compat=1.18} into your preamble.
 on input line 16.

(C:\Users\Gabriel\AppData\Local\Programs\MiKTeX\tex/latex/pdflscape\pdflscape.sty
Package: pdflscape 2019/12/05 v0.12 Display of landscape pages in PDF (HO)
Package pdflscape Info: Auto-detected driver: pdftex on input line 81.
)
Package caption Info: Begin \AtBeginDocument code.
Package caption Info: subfig package v1.3 is loaded.
Package caption Info: hyperref package is loaded.
Package caption Info: End \AtBeginDocument code.
 (C:\Users\Gabriel\AppData\Local\Programs\MiKTeX\tex/latex/translations/dicts\translations-basic-dictionary-french.trsl
File: translations-basic-dictionary-french.trsl (french translation file `translations-basic-dictionary')
)
Package translations Info: loading dictionary `translations-basic-dictionary' for `french'. on input line 16.
Package hyperref Info: Link coloring ON on input line 16.
 (C:\Users\Gabriel\AppData\Local\Programs\MiKTeX\tex/latex/hyperref\nameref.sty
Package: nameref 2022-05-13 v2.48 Cross-referencing by name of section
 (C:\Users\Gabriel\AppData\Local\Programs\MiKTeX\tex/latex/refcount\refcount.sty
Package: refcount 2019/12/15 v3.6 Data extraction from label references (HO)
) (C:\Users\Gabriel\AppData\Local\Programs\MiKTeX\tex/generic/gettitlestring\gettitlestring.sty
Package: gettitlestring 2019/12/15 v1.6 Cleanup title references (HO)
)
\c@section@level=\count450
)
\@outlinefile=\write6
\openout6 = `Montage_Intererences_Lumineuses.out'.


*geometry* driver: auto-detecting
*geometry* detected driver: pdftex
*geometry* verbose mode - [ preamble ] result:
* driver: pdftex
* paper: <default>
* layout: <same size as paper>
* layoutoffset:(h,v)=(0.0pt,0.0pt)
* modes: landscape 
* h-part:(L,W,R)=(56.9055pt, 681.15898pt, 56.9055pt)
* v-part:(T,H,B)=(71.13188pt, 472.03123pt, 71.13188pt)
* \paperwidth=794.96999pt
* \paperheight=614.295pt
* \textwidth=681.15898pt
* \textheight=472.03123pt
* \oddsidemargin=-15.36449pt
* \evensidemargin=-15.36449pt
* \topmargin=-38.1381pt
* \headheight=12.0pt
* \headsep=25.0pt
* \topskip=10.0pt
* \footskip=30.0pt
* \marginparwidth=65.0pt
* \marginparsep=11.0pt
* \columnsep=30.0pt
* \skip\footins=9.0pt plus 4.0pt minus 2.0pt
* \hoffset=0.0pt
* \voffset=0.0pt
* \mag=1000
* \@twocolumntrue
* \@twosidefalse
* \@mparswitchfalse
* \@reversemarginfalse
* (1in=72.27pt=25.4mm, 1cm=28.453pt)

Package mdframed Info: Not enough space on this page on input line 29.
Runaway argument?
c:/Users/Gabriel/Documents/Agregation/Montage/Montage_InterférencesLumineuses/Montage_Intererences_Lumineuses.tex:33: Paragraph ended before \gap  was complete.
<to be read again> 
                   \par 
l.33 
     
I suspect you've forgotten a `}', causing me to apply this
control sequence to too much text. How can we recover?
My plan is to forget the whole thing and hope for the best.

LaTeX Font Info:    Trying to load font information for TS1+lmr on input line 35.
(C:\Users\Gabriel\AppData\Local\Programs\MiKTeX\tex/latex/lm\ts1lmr.fd
File: ts1lmr.fd 2015/05/01 v1.6.1 Font defs for Latin Modern
)
LaTeX Font Info:    Trying to load font information for OT1+lmr on input line 55.
 (C:\Users\Gabriel\AppData\Local\Programs\MiKTeX\tex/latex/lm\ot1lmr.fd
File: ot1lmr.fd 2015/05/01 v1.6.1 Font defs for Latin Modern
)
LaTeX Font Info:    Trying to load font information for OML+lmm on input line 55.
 (C:\Users\Gabriel\AppData\Local\Programs\MiKTeX\tex/latex/lm\omllmm.fd
File: omllmm.fd 2015/05/01 v1.6.1 Font defs for Latin Modern
)
LaTeX Font Info:    Trying to load font information for OMS+lmsy on input line 55.
 (C:\Users\Gabriel\AppData\Local\Programs\MiKTeX\tex/latex/lm\omslmsy.fd
File: omslmsy.fd 2015/05/01 v1.6.1 Font defs for Latin Modern
)
LaTeX Font Info:    Trying to load font information for OMX+lmex on input line 55.
 (C:\Users\Gabriel\AppData\Local\Programs\MiKTeX\tex/latex/lm\omxlmex.fd
File: omxlmex.fd 2015/05/01 v1.6.1 Font defs for Latin Modern
)
LaTeX Font Info:    External font `lmex10' loaded for size
(Font)              <10> on input line 55.
LaTeX Font Info:    External font `lmex10' loaded for size
(Font)              <7> on input line 55.
LaTeX Font Info:    External font `lmex10' loaded for size
(Font)              <5> on input line 55.
LaTeX Font Info:    Trying to load font information for U+msa on input line 55.
 (C:\Users\Gabriel\AppData\Local\Programs\MiKTeX\tex/latex/amsfonts\umsa.fd
File: umsa.fd 2013/01/14 v3.01 AMS symbols A
)
LaTeX Font Info:    Trying to load font information for U+msb on input line 55.
 (C:\Users\Gabriel\AppData\Local\Programs\MiKTeX\tex/latex/amsfonts\umsb.fd
File: umsb.fd 2013/01/14 v3.01 AMS symbols B
)
Package mdframed Info: Not enough space on this page on input line 58.
Package mdframed Info: Not enough space on this page on input line 58.
<./figures/Bifente_DYoung.png, id=30, 608.2725pt x 181.27725pt>
File: ./figures/Bifente_DYoung.png Graphic file (type png)
<use ./figures/Bifente_DYoung.png>
Package pdftex.def Info: ./figures/Bifente_DYoung.png  used on input line 68.
(pdftex.def)             Requested size: 340.57948pt x 101.50073pt.

Overfull \hbox (15.0pt too wide) in paragraph at lines 68--69
 [][] 
 []


LaTeX Font Warning: Font shape `T1/lmr/bx/sc' undefined
(Font)              using `T1/lmr/bx/n' instead on input line 69.

[1
Non-PDF special ignored!
<special> header=pstricks.pro
Non-PDF special ignored!
<special> header=pst-algparser.pro
Non-PDF special ignored!
<special> header=pst-tools.pro
Non-PDF special ignored!
<special> header=pst-dots.pro
Non-PDF special ignored!
<special> header=pst-node.pro
Non-PDF special ignored!
<special> header=pst-3d.pro
Non-PDF special ignored!
<special> header=pst-math.pro
Non-PDF special ignored!
<special> header=pstricks-add.pro
Non-PDF special ignored!
<special> header=pst-grad.pro
Non-PDF special ignored!
<special> header=pst-coil.pro
Non-PDF special ignored!
<special> header=pst-text.pro
{C:/Users/Gabriel/AppData/Local/MiKTeX/fonts/map/pdftex/pdftex.map}


Non-PDF special ignored!
<special> ps: /pssetRGBcolor /setrgbcolor load def /pssetCMYKcolor /setcmyk...
Non-PDF special ignored!
<special> ps:tx@Dict begin  gsave STV CP T /ps@rot 0 def grestore  end
Non-PDF special ignored!
<special> ps:tx@Dict begin  gsave STV CP T /ps@refangle 0.  def grestore  e...
Non-PDF special ignored!
<special> ps:0.8 setlinewidth 0 setgray
Non-PDF special ignored!
<special> ps:tx@Dict begin  gsave STV CP T /ps@rot 0 def grestore  end
Non-PDF special ignored!
<special> ps:0.8 setlinewidth 0 setgray
 <./figures/Bifente_DYoung.png>]
Runaway argument?
c:/Users/Gabriel/Documents/Agregation/Montage/Montage_InterférencesLumineuses/Montage_Intererences_Lumineuses.tex:102: Paragraph ended before \gap  was complete.
<to be read again> 
                   \par 
l.102 
      
I suspect you've forgotten a `}', causing me to apply this
control sequence to too much text. How can we recover?
My plan is to forget the whole thing and hope for the best.

Runaway argument?
c:/Users/Gabriel/Documents/Agregation/Montage/Montage_InterférencesLumineuses/Montage_Intererences_Lumineuses.tex:111: Paragraph ended before \gap  was complete.
<to be read again> 
                   \par 
l.111 
      
I suspect you've forgotten a `}', causing me to apply this
control sequence to too much text. How can we recover?
My plan is to forget the whole thing and hope for the best.

Runaway argument?
c:/Users/Gabriel/Documents/Agregation/Montage/Montage_InterférencesLumineuses/Montage_Intererences_Lumineuses.tex:115: Paragraph ended before \gap  was complete.
<to be read again> 
                   \par 
l.115 
      
I suspect you've forgotten a `}', causing me to apply this
control sequence to too much text. How can we recover?
My plan is to forget the whole thing and hope for the best.

Runaway argument?
c:/Users/Gabriel/Documents/Agregation/Montage/Montage_InterférencesLumineuses/Montage_Intererences_Lumineuses.tex:124: Paragraph ended before \gap  was complete.
<to be read again> 
                   \par 
l.124 
      
I suspect you've forgotten a `}', causing me to apply this
control sequence to too much text. How can we recover?
My plan is to forget the whole thing and hope for the best.

Runaway argument?
c:/Users/Gabriel/Documents/Agregation/Montage/Montage_InterférencesLumineuses/Montage_Intererences_Lumineuses.tex:127: Paragraph ended before \gap  was complete.
<to be read again> 
                   \par 
l.127 
      
I suspect you've forgotten a `}', causing me to apply this
control sequence to too much text. How can we recover?
My plan is to forget the whole thing and hope for the best.

<./figures/MichelsonLameDair.png, id=57, 380.622pt x 327.02174pt>
File: ./figures/MichelsonLameDair.png Graphic file (type png)
<use ./figures/MichelsonLameDair.png>
Package pdftex.def Info: ./figures/MichelsonLameDair.png  used on input line 138.
(pdftex.def)             Requested size: 204.34976pt x 175.57614pt.
[2] [3 <./figures/MichelsonLameDair.png>]
Package mdframed Info: Not enough space on this page on input line 184.
<./figures/Polarisation.png, id=79, 484.05844pt x 121.20282pt>
File: ./figures/Polarisation.png Graphic file (type png)
<use ./figures/Polarisation.png>
Package pdftex.def Info: ./figures/Polarisation.png  used on input line 215.
(pdftex.def)             Requested size: 340.57948pt x 85.28154pt.

Overfull \hbox (15.0pt too wide) in paragraph at lines 215--216
 [][] 
 []

<./figures/Finpolarisation.png, id=80, 511.15968pt x 428.35031pt>
File: ./figures/Finpolarisation.png Graphic file (type png)
<use ./figures/Finpolarisation.png>
Package pdftex.def Info: ./figures/Finpolarisation.png  used on input line 221.
(pdftex.def)             Requested size: 340.57948pt x 285.40494pt.

Overfull \hbox (15.0pt too wide) in paragraph at lines 221--222
 [][] 
 []

[4 <./figures/Polarisation.png> <./figures/Finpolarisation.png>]
<./figures/Filmsavon.png, id=92, 621.522pt x 195.73125pt>
File: ./figures/Filmsavon.png Graphic file (type png)
<use ./figures/Filmsavon.png>
Package pdftex.def Info: ./figures/Filmsavon.png  used on input line 234.
(pdftex.def)             Requested size: 340.57948pt x 107.25827pt.

Overfull \hbox (15.0pt too wide) in paragraph at lines 234--235
 [][] 
 []


c:/Users/Gabriel/Documents/Agregation/Montage/Montage_InterférencesLumineuses/Montage_Intererences_Lumineuses.tex:262: LaTeX Error: Unicode character λ (U+03BB)
               not set up for use with LaTeX.

See the LaTeX manual or LaTeX Companion for explanation.
Type  H <return>  for immediate help.
 ...                                              
                                                  
l.262 ...e par $m_2 = 1$, $e_2 = \frac{λ_0}{2n_s}
                                                  $. On obtient une plage e ...
You may provide a definition with
\DeclareUnicodeCharacter 


c:/Users/Gabriel/Documents/Agregation/Montage/Montage_InterférencesLumineuses/Montage_Intererences_Lumineuses.tex:262: LaTeX Error: Unicode character ∈ (U+2208)
               not set up for use with LaTeX.

See the LaTeX manual or LaTeX Companion for explanation.
Type  H <return>  for immediate help.
 ...                                              
                                                  
l.262 ...{λ_0}{2n_s}$. On obtient une plage e ∈
                                                   [142, 284] nm.
You may provide a definition with
\DeclareUnicodeCharacter 


Overfull \hbox (7.2977pt too wide) in paragraph at lines 273--274
[][] 
 []

c:/Users/Gabriel/Documents/Agregation/Montage/Montage_InterférencesLumineuses/Montage_Intererences_Lumineuses.tex:275: Illegal unit of measure (pt inserted).
<to be read again> 
                   !
l.275 \end{wrapfigure}
                      
Dimensions can be in units of em, ex, in, pt, pc,
cm, mm, dd, cc, nd, nc, bp, or sp; but yours is a new one!
I'll assume that you meant to say pt, for printer's points.
To recover gracefully from this error, it's best to
delete the erroneous units; e.g., type `2' to delete
two letters. (See Chapter 27 of The TeXbook.)

[5 <./figures/Filmsavon.png>] [6] [7] (Montage_Intererences_Lumineuses.aux)

LaTeX Font Warning: Some font shapes were not available, defaults substituted.


LaTeX Warning: Label(s) may have changed. Rerun to get cross-references right.


Package rerunfilecheck Warning: File `Montage_Intererences_Lumineuses.out' has changed.
(rerunfilecheck)                Rerun to get outlines right
(rerunfilecheck)                or use package `bookmark'.

Package rerunfilecheck Info: Checksums for `Montage_Intererences_Lumineuses.out':
(rerunfilecheck)             Before: <no file>
(rerunfilecheck)             After:  BDC3B316A44193399BDAD9D0DF93AE70;3841.
 ) 
Here is how much of TeX's memory you used:
 49096 strings out of 478614
 1128805 string characters out of 2842178
 1672407 words of memory out of 3000000
 66308 multiletter control sequences out of 15000+600000
 504258 words of font info for 56 fonts, out of 8000000 for 9000
 1141 hyphenation exceptions out of 8191
 136i,12n,136p,970b,1113s stack positions out of 10000i,1000n,20000p,200000b,80000s
{C:/Users/Gabriel/AppData/Local/Programs/MiKTeX/fonts/enc/dvips/lm/lm-mathit.enc}{C:/Users/Gabriel/AppData/Local/Programs/MiKTeX/fonts/enc/dvips/lm/lm-mathsy.enc}{C:/Users/Gabriel/AppData/Local/Programs/MiKTeX/fonts/enc/dvips/lm/lm-ec.enc}{C:/Users/Gabriel/AppData/Local/Programs/MiKTeX/fonts/enc/dvips/lm/lm-mathex.enc}{C:/Users/Gabriel/AppData/Local/Programs/MiKTeX/fonts/enc/dvips/lm/lm-rm.enc}{C:/Users/Gabriel/AppData/Local/Programs/MiKTeX/fonts/enc/dvips/lm/lm-ts1.enc}<C:/Users/Gabriel/AppData/Local/Programs/MiKTeX/fonts/type1/public/lm/lmbx10.pfb><C:/Users/Gabriel/AppData/Local/Programs/MiKTeX/fonts/type1/public/lm/lmbx12.pfb><C:/Users/Gabriel/AppData/Local/Programs/MiKTeX/fonts/type1/public/lm/lmcsc10.pfb><C:/Users/Gabriel/AppData/Local/Programs/MiKTeX/fonts/type1/public/lm/lmex10.pfb><C:/Users/Gabriel/AppData/Local/Programs/MiKTeX/fonts/type1/public/lm/lmmi10.pfb><C:/Users/Gabriel/AppData/Local/Programs/MiKTeX/fonts/type1/public/lm/lmmi5.pfb><C:/Users/Gabriel/AppData/Local/Programs/MiKTeX/fonts/type1/public/lm/lmmi7.pfb><C:/Users/Gabriel/AppData/Local/Programs/MiKTeX/fonts/type1/public/lm/lmr10.pfb><C:/Users/Gabriel/AppData/Local/Programs/MiKTeX/fonts/type1/public/lm/lmr5.pfb><C:/Users/Gabriel/AppData/Local/Programs/MiKTeX/fonts/type1/public/lm/lmr7.pfb><C:/Users/Gabriel/AppData/Local/Programs/MiKTeX/fonts/type1/public/lm/lmsy10.pfb><C:/Users/Gabriel/AppData/Local/Programs/MiKTeX/fonts/type1/public/lm/lmsy7.pfb><C:/Users/Gabriel/AppData/Local/Programs/MiKTeX/fonts/type1/public/amsfonts/symbols/msbm10.pfb>
Output written on Montage_Intererences_Lumineuses.pdf (7 pages, 397277 bytes).
PDF statistics:
 207 PDF objects out of 1000 (max. 8388607)
 52 named destinations out of 1000 (max. 500000)
 134 words of extra memory for PDF output out of 10000 (max. 10000000)

